#
# There is insufficient memory for the Java Runtime Environment to continue.
# Native memory allocation (malloc) failed to allocate 90177536 bytes for committing reserved memory.
# Possible reasons:
#   The system is out of physical RAM or swap space
#   In 32 bit mode, the process size limit was hit
# Possible solutions:
#   Reduce memory load on the system
#   Increase physical memory or swap space
#   Check if swap backing store is full
#   Use 64 bit Java on a 64 bit OS
#   Decrease Java heap size (-Xmx/-Xms)
#   Decrease number of Java threads
#   Decrease Java thread stack sizes (-Xss)
#   Set larger code cache with -XX:ReservedCodeCacheSize=
# This output file may be truncated or incomplete.
#
#  Out of Memory Error (os_linux.cpp:2809), pid=9900, tid=140327190976256
#
# JRE version: OpenJDK Runtime Environment (7.0_79-b14) (build 1.7.0_79-b14)
# Java VM: OpenJDK 64-Bit Server VM (24.79-b02 mixed mode linux-amd64 compressed oops)
# Derivative: IcedTea 2.5.5
# Distribution: Ubuntu Vivid Vervet (development branch), package 7u79-2.5.5-0ubuntu1
# Failed to write core dump. Core dumps have been disabled. To enable core dumping, try "ulimit -c unlimited" before starting Java again
#

---------------  T H R E A D  ---------------

Current thread (0x00007fa0841c7000):  VMThread [stack: 0x00007fa0784ed000,0x00007fa0785ee000] [id=9911]

Stack: [0x00007fa0784ed000,0x00007fa0785ee000],  sp=0x00007fa0785ec4e0,  free space=1021k
Native frames: (J=compiled Java code, j=interpreted, Vv=VM code, C=native code)
V  [libjvm.so+0x98a0f6]  VMError::report_and_die()+0x186
V  [libjvm.so+0x48f8e2]  report_vm_out_of_memory(char const*, int, unsigned long, char const*)+0x92
V  [libjvm.so+0x7fd51b]  os::pd_commit_memory(char*, unsigned long, unsigned long, bool)+0xeb
V  [libjvm.so+0x7f7bfe]  os::commit_memory(char*, unsigned long, unsigned long, bool)+0x2e
V  [libjvm.so+0x86a51b]  PSVirtualSpace::expand_by(unsigned long)+0x5b
V  [libjvm.so+0x86b3c3]  PSYoungGen::resize_generation(unsigned long, unsigned long)+0xd3
V  [libjvm.so+0x86badb]  PSYoungGen::resize(unsigned long, unsigned long)+0x1b
V  [libjvm.so+0x8674e9]  PSScavenge::invoke_no_policy()+0xdc9
V  [libjvm.so+0x867cc8]  PSScavenge::invoke()+0x38
V  [libjvm.so+0x81fb23]  ParallelScavengeHeap::failed_mem_allocate(unsigned long)+0x63
V  [libjvm.so+0x98b9c2]  VM_ParallelGCFailedAllocation::doit()+0x92
V  [libjvm.so+0x990277]  VM_Operation::evaluate()+0x47
V  [libjvm.so+0x98e85b]  VMThread::evaluate_operation(VM_Operation*)+0xab
V  [libjvm.so+0x98ef06]  VMThread::loop()+0x1e6
V  [libjvm.so+0x98f3d1]  VMThread::run()+0x81
V  [libjvm.so+0x7fa442]  java_start(Thread*)+0xf2

VM_Operation (0x00007fa060751670): ParallelGCFailedAllocation, mode: safepoint, requested by thread 0x00007fa02c00c000


---------------  P R O C E S S  ---------------

Java Threads: ( => current thread )
  0x00007fa028c2e000 JavaThread "pool-1-thread-2" [_thread_blocked, id=10006, stack(0x00007fa06009d000,0x00007fa06019e000)]
  0x00007fa028c2d000 JavaThread "pool-1-thread-1" [_thread_blocked, id=10005, stack(0x00007fa06019e000,0x00007fa06029f000)]
  0x00007fa0283da000 JavaThread "File lock request listener" [_thread_in_native, id=9965, stack(0x00007fa0603ae000,0x00007fa0604af000)]
  0x00007fa02823f000 JavaThread "process reaper" daemon [_thread_blocked, id=9946, stack(0x00007fa0604af000,0x00007fa0604e8000)]
  0x00007fa028015000 JavaThread "Stdin handler" [_thread_blocked, id=9935, stack(0x00007fa060554000,0x00007fa060655000)]
  0x00007fa02c00c000 JavaThread "Daemon worker" [_thread_blocked, id=9932, stack(0x00007fa060655000,0x00007fa060756000)]
  0x00007fa02c004000 JavaThread "Cancel handler" [_thread_blocked, id=9931, stack(0x00007fa060756000,0x00007fa060857000)]
  0x00007fa02c006000 JavaThread "Handler for socket connection from /127.0.0.1:50315 to /127.0.0.1:53650" [_thread_in_native, id=9930, stack(0x00007fa060857000,0x00007fa060958000)]
  0x00007fa03803f000 JavaThread "Daemon" [_thread_blocked, id=9929, stack(0x00007fa060958000,0x00007fa060a59000)]
  0x00007fa084b31000 JavaThread "Incoming local TCP Connector on port 50315" [_thread_in_native, id=9928, stack(0x00007fa060a59000,0x00007fa060b5a000)]
  0x00007fa084276800 JavaThread "Service Thread" daemon [_thread_blocked, id=9917, stack(0x00007fa062bb7000,0x00007fa062cb8000)]
  0x00007fa08426d000 JavaThread "C2 CompilerThread1" daemon [_thread_blocked, id=9916, stack(0x00007fa062cb8000,0x00007fa062db9000)]
  0x00007fa08426b800 JavaThread "C2 CompilerThread0" daemon [_thread_blocked, id=9915, stack(0x00007fa0780e9000,0x00007fa0781ea000)]
  0x00007fa0841f8800 JavaThread "Signal Dispatcher" daemon [_thread_blocked, id=9914, stack(0x00007fa0781ea000,0x00007fa0782eb000)]
  0x00007fa0841cd800 JavaThread "Finalizer" daemon [_thread_blocked, id=9913, stack(0x00007fa0782eb000,0x00007fa0783ec000)]
  0x00007fa0841cb800 JavaThread "Reference Handler" daemon [_thread_blocked, id=9912, stack(0x00007fa0783ec000,0x00007fa0784ed000)]
  0x00007fa08400b000 JavaThread "main" [_thread_blocked, id=9902, stack(0x00007fa08c12b000,0x00007fa08c22c000)]

Other Threads:
=>0x00007fa0841c7000 VMThread [stack: 0x00007fa0784ed000,0x00007fa0785ee000] [id=9911]
  0x00007fa084281800 WatcherThread [stack: 0x00007fa062ab6000,0x00007fa062bb7000] [id=9918]

VM state:at safepoint (normal execution)

VM Mutex/Monitor currently owned by a thread:  ([mutex/lock_event])
[0x00007fa084007a30] Threads_lock - owner thread: 0x00007fa0841c7000
[0x00007fa084007f30] Heap_lock - owner thread: 0x00007fa02c00c000

Heap
 PSYoungGen      total 140288K, used 11757K [0x00000000eaa80000, 0x00000000f3f80000, 0x0000000100000000)
  eden space 128512K, 0% used [0x00000000eaa80000,0x00000000eaa80000,0x00000000f2800000)
  from space 11776K, 99% used [0x00000000f2800000,0x00000000f337b560,0x00000000f3380000)
  to   space 11264K, 0% used [0x00000000f3380000,0x00000000f3380000,0x00000000f3e80000)
 ParOldGen       total 40960K, used 40543K [0x00000000c0000000, 0x00000000c2800000, 0x00000000eaa80000)
  object space 40960K, 98% used [0x00000000c0000000,0x00000000c2797ea8,0x00000000c2800000)
 PSPermGen       total 44032K, used 43599K [0x00000000b0000000, 0x00000000b2b00000, 0x00000000c0000000)
  object space 44032K, 99% used [0x00000000b0000000,0x00000000b2a93c50,0x00000000b2b00000)

Card table byte_map: [0x00007fa088887000,0x00007fa088b08000] byte_map_base: 0x00007fa088307000

Polling page: 0x00007fa08c248000

Code Cache  [0x00007fa081000000, 0x00007fa081470000, 0x00007fa084000000)
 total_blobs=1549 nmethods=929 adapters=572 free_code_cache=44876Kb largest_free_block=45717056

Compilation events (10 events):
Event: 22.021 Thread 0x00007fa08426b800 nmethod 987 0x00007fa081304450 code [0x00007fa081304680, 0x00007fa081304f20]
Event: 22.088 Thread 0x00007fa08426d000  989             com.sun.tools.javac.file.ZipFileIndex$ZipDirectory::readEntry (587 bytes)
Event: 22.096 Thread 0x00007fa08426b800  990             com.sun.tools.javac.file.ZipFileIndex::access$500 (6 bytes)
Event: 22.097 Thread 0x00007fa08426b800 nmethod 990 0x00007fa081303b90 code [0x00007fa081303ce0, 0x00007fa081303db8]
Event: 22.097 Thread 0x00007fa08426b800  991             com.sun.tools.javac.file.ZipFileIndex::get4ByteLittleEndian (47 bytes)
Event: 22.098 Thread 0x00007fa08426b800 nmethod 991 0x00007fa081303890 code [0x00007fa0813039e0, 0x00007fa081303ab8]
Event: 22.098 Thread 0x00007fa08426b800  992             com.sun.tools.javac.file.ZipFileIndex::access$400 (6 bytes)
Event: 22.099 Thread 0x00007fa08426b800 nmethod 992 0x00007fa081302250 code [0x00007fa0813023a0, 0x00007fa081302458]
Event: 22.099 Thread 0x00007fa08426b800  993             com.sun.tools.javac.file.ZipFileIndex::get2ByteLittleEndian (21 bytes)
Event: 22.100 Thread 0x00007fa08426b800 nmethod 993 0x00007fa081301f90 code [0x00007fa0813020e0, 0x00007fa081302198]

GC Heap History (10 events):
Event: 7.957 GC heap after
Heap after GC invocations=10 (full 0):
 PSYoungGen      total 57344K, used 5358K [0x00000000eaa80000, 0x00000000ee880000, 0x0000000100000000)
  eden space 51200K, 0% used [0x00000000eaa80000,0x00000000eaa80000,0x00000000edc80000)
  from space 6144K, 87% used [0x00000000ee280000,0x00000000ee7bb908,0x00000000ee880000)
  to   space 6144K, 0% used [0x00000000edc80000,0x00000000edc80000,0x00000000ee280000)
 ParOldGen       total 40960K, used 10053K [0x00000000c0000000, 0x00000000c2800000, 0x00000000eaa80000)
  object space 40960K, 24% used [0x00000000c0000000,0x00000000c09d1660,0x00000000c2800000)
 PSPermGen       total 23552K, used 23504K [0x00000000b0000000, 0x00000000b1700000, 0x00000000c0000000)
  object space 23552K, 99% used [0x00000000b0000000,0x00000000b16f4380,0x00000000b1700000)
}
Event: 9.769 GC heap before
{Heap before GC invocations=11 (full 0):
 PSYoungGen      total 57344K, used 56558K [0x00000000eaa80000, 0x00000000ee880000, 0x0000000100000000)
  eden space 51200K, 100% used [0x00000000eaa80000,0x00000000edc80000,0x00000000edc80000)
  from space 6144K, 87% used [0x00000000ee280000,0x00000000ee7bb908,0x00000000ee880000)
  to   space 6144K, 0% used [0x00000000edc80000,0x00000000edc80000,0x00000000ee280000)
 ParOldGen       total 40960K, used 10053K [0x00000000c0000000, 0x00000000c2800000, 0x00000000eaa80000)
  object space 40960K, 24% used [0x00000000c0000000,0x00000000c09d1660,0x00000000c2800000)
 PSPermGen       total 27136K, used 26916K [0x00000000b0000000, 0x00000000b1a80000, 0x00000000c0000000)
  object space 27136K, 99% used [0x00000000b0000000,0x00000000b1a491a0,0x00000000b1a80000)
Event: 9.780 GC heap after
Heap after GC invocations=11 (full 0):
 PSYoungGen      total 57344K, used 3713K [0x00000000eaa80000, 0x00000000f0680000, 0x0000000100000000)
  eden space 51200K, 0% used [0x00000000eaa80000,0x00000000eaa80000,0x00000000edc80000)
  from space 6144K, 60% used [0x00000000edc80000,0x00000000ee020568,0x00000000ee280000)
  to   space 6144K, 0% used [0x00000000f0080000,0x00000000f0080000,0x00000000f0680000)
 ParOldGen       total 40960K, used 13201K [0x00000000c0000000, 0x00000000c2800000, 0x00000000eaa80000)
  object space 40960K, 32% used [0x00000000c0000000,0x00000000c0ce44d8,0x00000000c2800000)
 PSPermGen       total 27136K, used 26916K [0x00000000b0000000, 0x00000000b1a80000, 0x00000000c0000000)
  object space 27136K, 99% used [0x00000000b0000000,0x00000000b1a491a0,0x00000000b1a80000)
}
Event: 10.962 GC heap before
{Heap before GC invocations=12 (full 0):
 PSYoungGen      total 57344K, used 54913K [0x00000000eaa80000, 0x00000000f0680000, 0x0000000100000000)
  eden space 51200K, 100% used [0x00000000eaa80000,0x00000000edc80000,0x00000000edc80000)
  from space 6144K, 60% used [0x00000000edc80000,0x00000000ee020568,0x00000000ee280000)
  to   space 6144K, 0% used [0x00000000f0080000,0x00000000f0080000,0x00000000f0680000)
 ParOldGen       total 40960K, used 13201K [0x00000000c0000000, 0x00000000c2800000, 0x00000000eaa80000)
  object space 40960K, 32% used [0x00000000c0000000,0x00000000c0ce44d8,0x00000000c2800000)
 PSPermGen       total 30720K, used 30467K [0x00000000b0000000, 0x00000000b1e00000, 0x00000000c0000000)
  object space 30720K, 99% used [0x00000000b0000000,0x00000000b1dc0da0,0x00000000b1e00000)
Event: 11.057 GC heap after
Heap after GC invocations=12 (full 0):
 PSYoungGen      total 86528K, used 6136K [0x00000000eaa80000, 0x00000000f0980000, 0x0000000100000000)
  eden space 80384K, 0% used [0x00000000eaa80000,0x00000000eaa80000,0x00000000ef900000)
  from space 6144K, 99% used [0x00000000f0080000,0x00000000f067e150,0x00000000f0680000)
  to   space 7680K, 0% used [0x00000000ef900000,0x00000000ef900000,0x00000000f0080000)
 ParOldGen       total 40960K, used 15334K [0x00000000c0000000, 0x00000000c2800000, 0x00000000eaa80000)
  object space 40960K, 37% used [0x00000000c0000000,0x00000000c0ef9958,0x00000000c2800000)
 PSPermGen       total 30720K, used 30467K [0x00000000b0000000, 0x00000000b1e00000, 0x00000000c0000000)
  object space 30720K, 99% used [0x00000000b0000000,0x00000000b1dc0da0,0x00000000b1e00000)
}
Event: 13.437 GC heap before
{Heap before GC invocations=13 (full 0):
 PSYoungGen      total 86528K, used 86520K [0x00000000eaa80000, 0x00000000f0980000, 0x0000000100000000)
  eden space 80384K, 100% used [0x00000000eaa80000,0x00000000ef900000,0x00000000ef900000)
  from space 6144K, 99% used [0x00000000f0080000,0x00000000f067e150,0x00000000f0680000)
  to   space 7680K, 0% used [0x00000000ef900000,0x00000000ef900000,0x00000000f0080000)
 ParOldGen       total 40960K, used 15334K [0x00000000c0000000, 0x00000000c2800000, 0x00000000eaa80000)
  object space 40960K, 37% used [0x00000000c0000000,0x00000000c0ef9958,0x00000000c2800000)
 PSPermGen       total 35840K, used 35498K [0x00000000b0000000, 0x00000000b2300000, 0x00000000c0000000)
  object space 35840K, 99% used [0x00000000b0000000,0x00000000b22aaa68,0x00000000b2300000)
Event: 13.466 GC heap after
Heap after GC invocations=13 (full 0):
 PSYoungGen      total 88064K, used 7670K [0x00000000eaa80000, 0x00000000f3e80000, 0x0000000100000000)
  eden space 80384K, 0% used [0x00000000eaa80000,0x00000000eaa80000,0x00000000ef900000)
  from space 7680K, 99% used [0x00000000ef900000,0x00000000f007d9d0,0x00000000f0080000)
  to   space 11264K, 0% used [0x00000000f3380000,0x00000000f3380000,0x00000000f3e80000)
 ParOldGen       total 40960K, used 22316K [0x00000000c0000000, 0x00000000c2800000, 0x00000000eaa80000)
  object space 40960K, 54% used [0x00000000c0000000,0x00000000c15cb238,0x00000000c2800000)
 PSPermGen       total 35840K, used 35498K [0x00000000b0000000, 0x00000000b2300000, 0x00000000c0000000)
  object space 35840K, 99% used [0x00000000b0000000,0x00000000b22aaa68,0x00000000b2300000)
}
Event: 14.977 GC heap before
{Heap before GC invocations=14 (full 0):
 PSYoungGen      total 88064K, used 88054K [0x00000000eaa80000, 0x00000000f3e80000, 0x0000000100000000)
  eden space 80384K, 100% used [0x00000000eaa80000,0x00000000ef900000,0x00000000ef900000)
  from space 7680K, 99% used [0x00000000ef900000,0x00000000f007d9d0,0x00000000f0080000)
  to   space 11264K, 0% used [0x00000000f3380000,0x00000000f3380000,0x00000000f3e80000)
 ParOldGen       total 40960K, used 22316K [0x00000000c0000000, 0x00000000c2800000, 0x00000000eaa80000)
  object space 40960K, 54% used [0x00000000c0000000,0x00000000c15cb238,0x00000000c2800000)
 PSPermGen       total 37888K, used 37568K [0x00000000b0000000, 0x00000000b2500000, 0x00000000c0000000)
  object space 37888K, 99% used [0x00000000b0000000,0x00000000b24b0268,0x00000000b2500000)
Event: 15.013 GC heap after
Heap after GC invocations=14 (full 0):
 PSYoungGen      total 139776K, used 8901K [0x00000000eaa80000, 0x00000000f3f80000, 0x0000000100000000)
  eden space 128512K, 0% used [0x00000000eaa80000,0x00000000eaa80000,0x00000000f2800000)
  from space 11264K, 79% used [0x00000000f3380000,0x00000000f3c315a0,0x00000000f3e80000)
  to   space 11776K, 0% used [0x00000000f2800000,0x00000000f2800000,0x00000000f3380000)
 ParOldGen       total 40960K, used 29771K [0x00000000c0000000, 0x00000000c2800000, 0x00000000eaa80000)
  object space 40960K, 72% used [0x00000000c0000000,0x00000000c1d12d08,0x00000000c2800000)
 PSPermGen       total 37888K, used 37568K [0x00000000b0000000, 0x00000000b2500000, 0x00000000c0000000)
  object space 37888K, 99% used [0x00000000b0000000,0x00000000b24b0268,0x00000000b2500000)
}
Event: 22.101 GC heap before
{Heap before GC invocations=15 (full 0):
 PSYoungGen      total 139776K, used 137413K [0x00000000eaa80000, 0x00000000f3f80000, 0x0000000100000000)
  eden space 128512K, 100% used [0x00000000eaa80000,0x00000000f2800000,0x00000000f2800000)
  from space 11264K, 79% used [0x00000000f3380000,0x00000000f3c315a0,0x00000000f3e80000)
  to   space 11776K, 0% used [0x00000000f2800000,0x00000000f2800000,0x00000000f3380000)
 ParOldGen       total 40960K, used 29771K [0x00000000c0000000, 0x00000000c2800000, 0x00000000eaa80000)
  object space 40960K, 72% used [0x00000000c0000000,0x00000000c1d12d08,0x00000000c2800000)
 PSPermGen       total 44032K, used 43599K [0x00000000b0000000, 0x00000000b2b00000, 0x00000000c0000000)
  object space 44032K, 99% used [0x00000000b0000000,0x00000000b2a93c50,0x00000000b2b00000)

Deoptimization events (10 events):
Event: 20.958 Thread 0x00007fa02c00c000 Uncommon trap: reason=bimorphic action=maybe_recompile pc=0x00007fa08141e3d8 method=com.sun.org.apache.xerces.internal.impl.XMLDocumentFragmentScannerImpl.scanDocument(Z)Z @ 147
Event: 21.343 Thread 0x00007fa02c00c000 Uncommon trap: reason=array_check action=maybe_recompile pc=0x00007fa0814596e4 method=java.util.Arrays.fill([Ljava/lang/Object;Ljava/lang/Object;)V @ 13
Event: 21.343 Thread 0x00007fa02c00c000 Uncommon trap: reason=array_check action=maybe_recompile pc=0x00007fa0814596e4 method=java.util.Arrays.fill([Ljava/lang/Object;Ljava/lang/Object;)V @ 13
Event: 21.343 Thread 0x00007fa02c00c000 Uncommon trap: reason=array_check action=maybe_recompile pc=0x00007fa0814596e4 method=java.util.Arrays.fill([Ljava/lang/Object;Ljava/lang/Object;)V @ 13
Event: 21.343 Thread 0x00007fa02c00c000 Uncommon trap: reason=array_check action=maybe_recompile pc=0x00007fa08145ab34 method=java.util.Arrays.fill([Ljava/lang/Object;Ljava/lang/Object;)V @ 13
Event: 21.343 Thread 0x00007fa02c00c000 Uncommon trap: reason=array_check action=maybe_recompile pc=0x00007fa0814596e4 method=java.util.Arrays.fill([Ljava/lang/Object;Ljava/lang/Object;)V @ 13
Event: 21.669 Thread 0x00007fa02c00c000 Uncommon trap: reason=bimorphic action=maybe_recompile pc=0x00007fa0813d7538 method=java.util.Collections$UnmodifiableCollection$1.hasNext()Z @ 4
Event: 21.860 Thread 0x00007fa02c00c000 Uncommon trap: reason=bimorphic action=maybe_recompile pc=0x00007fa0812cacc0 method=java.util.HashMap$KeySet.iterator()Ljava/util/Iterator; @ 4
Event: 21.928 Thread 0x00007fa02c00c000 Uncommon trap: reason=class_check action=maybe_recompile pc=0x00007fa0810c2078 method=java.util.regex.Matcher.search(I)Z @ 86
Event: 21.928 Thread 0x00007fa02c00c000 Uncommon trap: reason=class_check action=maybe_recompile pc=0x00007fa0810c2078 method=java.util.regex.Matcher.search(I)Z @ 86

Internal exceptions (10 events):
Event: 21.345 Thread 0x00007fa02c00c000 Threw 0x00000000f12b19f0 at /build/buildd/openjdk-7-7u79-2.5.5/build/openjdk/hotspot/src/share/vm/prims/jvm.cpp:1284
Event: 21.351 Thread 0x00007fa02c00c000 Threw 0x00000000f133f138 at /build/buildd/openjdk-7-7u79-2.5.5/build/openjdk/hotspot/src/share/vm/prims/jvm.cpp:1284
Event: 21.351 Thread 0x00007fa02c00c000 Threw 0x00000000f133fc00 at /build/buildd/openjdk-7-7u79-2.5.5/build/openjdk/hotspot/src/share/vm/prims/jvm.cpp:1284
Event: 21.355 Thread 0x00007fa02c00c000 Threw 0x00000000f13448a0 at /build/buildd/openjdk-7-7u79-2.5.5/build/openjdk/hotspot/src/share/vm/prims/jvm.cpp:1284
Event: 21.355 Thread 0x00007fa02c00c000 Threw 0x00000000f1345430 at /build/buildd/openjdk-7-7u79-2.5.5/build/openjdk/hotspot/src/share/vm/prims/jvm.cpp:1284
Event: 21.355 Thread 0x00007fa02c00c000 Threw 0x00000000f134b898 at /build/buildd/openjdk-7-7u79-2.5.5/build/openjdk/hotspot/src/share/vm/prims/jvm.cpp:1284
Event: 21.367 Thread 0x00007fa02c00c000 Threw 0x00000000f1364638 at /build/buildd/openjdk-7-7u79-2.5.5/build/openjdk/hotspot/src/share/vm/classfile/systemDictionary.cpp:185
Event: 21.491 Thread 0x00007fa02c00c000 Threw 0x00000000f15690f8 at /build/buildd/openjdk-7-7u79-2.5.5/build/openjdk/hotspot/src/share/vm/prims/jvm.cpp:1284
Event: 21.495 Thread 0x00007fa02c00c000 Threw 0x00000000f15a3950 at /build/buildd/openjdk-7-7u79-2.5.5/build/openjdk/hotspot/src/share/vm/prims/jvm.cpp:1284
Event: 21.495 Thread 0x00007fa02c00c000 Threw 0x00000000f15a61d8 at /build/buildd/openjdk-7-7u79-2.5.5/build/openjdk/hotspot/src/share/vm/prims/jvm.cpp:1284

Events (10 events):
Event: 22.049 loading class 0x00007fa028c28000 done
Event: 22.055 loading class 0x00007fa084014ce0
Event: 22.063 loading class 0x00007fa084014ce0 done
Event: 22.064 loading class 0x00007fa0289b7e60
Event: 22.064 loading class 0x00007fa0289b7e60 done
Event: 22.086 loading class 0x00007fa0289b7eb0
Event: 22.086 loading class 0x00007fa0289b7eb0 done
Event: 22.087 loading class 0x00007fa0289b0ce0
Event: 22.087 loading class 0x00007fa0289b0ce0 done
Event: 22.101 Executing VM operation: ParallelGCFailedAllocation


Dynamic libraries:
00400000-00401000 r-xp 00000000 08:04 4720465                            /usr/lib/jvm/java-7-openjdk-amd64/jre/bin/java
00600000-00601000 r--p 00000000 08:04 4720465                            /usr/lib/jvm/java-7-openjdk-amd64/jre/bin/java
00601000-00602000 rw-p 00001000 08:04 4720465                            /usr/lib/jvm/java-7-openjdk-amd64/jre/bin/java
0219c000-021bd000 rw-p 00000000 00:00 0                                  [heap]
b0000000-b2b00000 rw-p 00000000 00:00 0 
b2b00000-c0000000 rw-p 00000000 00:00 0 
c0000000-c2800000 rw-p 00000000 00:00 0 
c2800000-eaa80000 rw-p 00000000 00:00 0 
eaa80000-f3f80000 rw-p 00000000 00:00 0 
f9580000-100000000 rw-p 00000000 00:00 0 
7f9ff8000000-7f9ff8021000 rw-p 00000000 00:00 0 
7f9ff8021000-7f9ffc000000 ---p 00000000 00:00 0 
7f9ffc000000-7f9ffc021000 rw-p 00000000 00:00 0 
7f9ffc021000-7fa000000000 ---p 00000000 00:00 0 
7fa000000000-7fa000021000 rw-p 00000000 00:00 0 
7fa000021000-7fa004000000 ---p 00000000 00:00 0 
7fa004000000-7fa004021000 rw-p 00000000 00:00 0 
7fa004021000-7fa008000000 ---p 00000000 00:00 0 
7fa008000000-7fa008021000 rw-p 00000000 00:00 0 
7fa008021000-7fa00c000000 ---p 00000000 00:00 0 
7fa00c000000-7fa00c021000 rw-p 00000000 00:00 0 
7fa00c021000-7fa010000000 ---p 00000000 00:00 0 
7fa013afb000-7fa013afe000 ---p 00000000 00:00 0 
7fa013afe000-7fa013bfc000 rw-p 00000000 00:00 0 
7fa013bfc000-7fa013bff000 ---p 00000000 00:00 0 
7fa013bff000-7fa013cfd000 rw-p 00000000 00:00 0 
7fa013cfd000-7fa013d00000 ---p 00000000 00:00 0 
7fa013d00000-7fa013dfe000 rw-p 00000000 00:00 0 
7fa013dfe000-7fa013e01000 ---p 00000000 00:00 0 
7fa013e01000-7fa013eff000 rw-p 00000000 00:00 0 
7fa013eff000-7fa013f02000 ---p 00000000 00:00 0 
7fa013f02000-7fa014000000 rw-p 00000000 00:00 0 
7fa014000000-7fa014021000 rw-p 00000000 00:00 0 
7fa014021000-7fa018000000 ---p 00000000 00:00 0 
7fa018000000-7fa018021000 rw-p 00000000 00:00 0 
7fa018021000-7fa01c000000 ---p 00000000 00:00 0 
7fa01c000000-7fa01c021000 rw-p 00000000 00:00 0 
7fa01c021000-7fa020000000 ---p 00000000 00:00 0 
7fa020000000-7fa020021000 rw-p 00000000 00:00 0 
7fa020021000-7fa024000000 ---p 00000000 00:00 0 
7fa024000000-7fa024021000 rw-p 00000000 00:00 0 
7fa024021000-7fa028000000 ---p 00000000 00:00 0 
7fa028000000-7fa028d3a000 rw-p 00000000 00:00 0 
7fa028d3a000-7fa02c000000 ---p 00000000 00:00 0 
7fa02c000000-7fa02c021000 rw-p 00000000 00:00 0 
7fa02c021000-7fa030000000 ---p 00000000 00:00 0 
7fa030000000-7fa030021000 rw-p 00000000 00:00 0 
7fa030021000-7fa034000000 ---p 00000000 00:00 0 
7fa034000000-7fa034021000 rw-p 00000000 00:00 0 
7fa034021000-7fa038000000 ---p 00000000 00:00 0 
7fa038000000-7fa038043000 rw-p 00000000 00:00 0 
7fa038043000-7fa03c000000 ---p 00000000 00:00 0 
7fa03c000000-7fa03d36e000 rw-p 00000000 00:00 0 
7fa03d36e000-7fa040000000 ---p 00000000 00:00 0 
7fa040000000-7fa040021000 rw-p 00000000 00:00 0 
7fa040021000-7fa044000000 ---p 00000000 00:00 0 
7fa044000000-7fa044021000 rw-p 00000000 00:00 0 
7fa044021000-7fa048000000 ---p 00000000 00:00 0 
7fa048000000-7fa049881000 rw-p 00000000 00:00 0 
7fa049881000-7fa04c000000 ---p 00000000 00:00 0 
7fa04c000000-7fa04c021000 rw-p 00000000 00:00 0 
7fa04c021000-7fa050000000 ---p 00000000 00:00 0 
7fa050000000-7fa050021000 rw-p 00000000 00:00 0 
7fa050021000-7fa054000000 ---p 00000000 00:00 0 
7fa054000000-7fa054021000 rw-p 00000000 00:00 0 
7fa054021000-7fa058000000 ---p 00000000 00:00 0 
7fa058000000-7fa05823e000 rw-p 00000000 00:00 0 
7fa05823e000-7fa05c000000 ---p 00000000 00:00 0 
7fa05c000000-7fa05c021000 rw-p 00000000 00:00 0 
7fa05c021000-7fa060000000 ---p 00000000 00:00 0 
7fa06009c000-7fa06009d000 rw-p 00000000 00:00 0 
7fa06009d000-7fa0600a0000 ---p 00000000 00:00 0 
7fa0600a0000-7fa06019e000 rw-p 00000000 00:00 0                          [stack:10006]
7fa06019e000-7fa0601a1000 ---p 00000000 00:00 0 
7fa0601a1000-7fa06029f000 rw-p 00000000 00:00 0                          [stack:10005]
7fa06029f000-7fa0602a1000 r--s 0000d000 08:04 1706545                    /opt/android-studio/gradle/m2repository/commons-codec/commons-codec/1.4/commons-codec-1.4.jar
7fa0602a1000-7fa0602a3000 r--s 0000d000 08:04 1706112                    /opt/android-studio/gradle/m2repository/commons-logging/commons-logging/1.1.1/commons-logging-1.1.1.jar
7fa0602a3000-7fa0602a8000 r--s 00028000 08:04 1706146                    /opt/android-studio/gradle/m2repository/org/apache/httpcomponents/httpcore/4.1/httpcore-4.1.jar
7fa0602a8000-7fa0602b0000 r--s 000a8000 08:04 1706389                    /opt/android-studio/gradle/m2repository/com/android/tools/external/lombok/lombok-ast/0.2.3/lombok-ast-0.2.3.jar
7fa0602b0000-7fa0602b3000 r--s 00012000 08:04 1706413                    /opt/android-studio/gradle/m2repository/com/android/tools/layoutlib/layoutlib-api/24.2.2/layoutlib-api-24.2.2.jar
7fa0602b3000-7fa0602ba000 r--s 00053000 08:04 1706163                    /opt/android-studio/gradle/m2repository/org/apache/commons/commons-compress/1.8.1/commons-compress-1.8.1.jar
7fa0602ba000-7fa0602bc000 r--s 00005000 08:04 1706139                    /opt/android-studio/gradle/m2repository/org/apache/httpcomponents/httpmime/4.1/httpmime-4.1.jar
7fa0602bc000-7fa0602c4000 r--s 0004e000 08:04 1706155                    /opt/android-studio/gradle/m2repository/org/apache/httpcomponents/httpclient/4.1.1/httpclient-4.1.1.jar
7fa0602c4000-7fa0602c5000 r--s 00005000 08:04 1706431                    /opt/android-studio/gradle/m2repository/com/android/tools/dvlib/24.2.2/dvlib-24.2.2.jar
7fa0602c5000-7fa0602f0000 r--s 001f9000 08:04 1706261                    /opt/android-studio/gradle/m2repository/com/google/guava/guava/17.0/guava-17.0.jar
7fa0602f0000-7fa0602f1000 r--s 00001000 08:04 1706403                    /opt/android-studio/gradle/m2repository/com/android/tools/annotations/24.2.2/annotations-24.2.2.jar
7fa0602f1000-7fa0602f2000 r--s 0000a000 08:04 1706541                    /opt/android-studio/gradle/m2repository/net/sf/kxml/kxml2/2.3.0/kxml2-2.3.0.jar
7fa0602f2000-7fa0602f5000 r--s 0002b000 08:04 1706383                    /opt/android-studio/gradle/m2repository/com/android/tools/lint/lint-api/24.2.2/lint-api-24.2.2.jar
7fa0602f5000-7fa0602f6000 r--s 00004000 08:04 1706204                    /opt/android-studio/gradle/m2repository/org/ow2/asm/asm-analysis/5.0.3/asm-analysis-5.0.3.jar
7fa0602f6000-7fa060304000 r--s 00081000 08:04 1706181                    /opt/android-studio/gradle/m2repository/org/bouncycastle/bcpkix-jdk15on/1.48/bcpkix-jdk15on-1.48.jar
7fa060304000-7fa060309000 r--s 0002a000 08:04 1706254                    /opt/android-studio/gradle/m2repository/com/google/code/gson/gson/2.2.4/gson-2.2.4.jar
7fa060309000-7fa06030a000 r--s 0000c000 08:04 1706216                    /opt/android-studio/gradle/m2repository/org/ow2/asm/asm/5.0.3/asm-5.0.3.jar
7fa06030a000-7fa060314000 r--s 000a9000 08:04 1706515                    /opt/android-studio/gradle/m2repository/com/android/tools/sdklib/24.2.2/sdklib-24.2.2.jar
7fa060314000-7fa060318000 r--s 00029000 08:04 1706506                    /opt/android-studio/gradle/m2repository/com/android/tools/build/manifest-merger/24.2.2/manifest-merger-24.2.2.jar
7fa060318000-7fa06031a000 r--s 00012000 08:04 1706441                    /opt/android-studio/gradle/m2repository/com/android/tools/common/24.2.2/common-24.2.2.jar
7fa06031a000-7fa06031c000 r--s 00004000 08:04 1706470                    /opt/android-studio/gradle/m2repository/com/android/tools/build/builder-model/1.2.2/builder-model-1.2.2.jar
7fa06031c000-7fa060321000 r--s 00042000 08:04 1706450                    /opt/android-studio/gradle/m2repository/com/android/tools/ddms/ddmlib/24.2.2/ddmlib-24.2.2.jar
7fa060321000-7fa060323000 r--s 00002000 08:04 1706243                    /opt/android-studio/gradle/m2repository/com/squareup/javawriter/2.5.0/javawriter-2.5.0.jar
7fa060323000-7fa060325000 r--s 00006000 08:04 1706228                    /opt/android-studio/gradle/m2repository/org/ow2/asm/asm-tree/5.0.3/asm-tree-5.0.3.jar
7fa060325000-7fa060326000 r--s 00002000 08:04 1706479                    /opt/android-studio/gradle/m2repository/com/android/tools/build/builder-test-api/1.2.2/builder-test-api-1.2.2.jar
7fa060326000-7fa060359000 r--s 00203000 08:04 1706187                    /opt/android-studio/gradle/m2repository/org/bouncycastle/bcprov-jdk15on/1.48/bcprov-jdk15on-1.48.jar
7fa060359000-7fa06035f000 r--s 0005f000 08:04 1706424                    /opt/android-studio/gradle/m2repository/com/android/tools/sdk-common/24.2.2/sdk-common-24.2.2.jar
7fa06035f000-7fa06036f000 r--s 000d3000 08:04 1706523                    /opt/android-studio/gradle/m2repository/net/sf/proguard/proguard-base/5.1/proguard-base-5.1.jar
7fa06036f000-7fa060375000 r--s 00093000 08:04 1706285                    /opt/android-studio/gradle/m2repository/com/android/tools/lint/lint-checks/24.2.2/lint-checks-24.2.2.jar
7fa060375000-7fa060387000 r--s 00220000 08:04 1706123                    /opt/android-studio/gradle/m2repository/org/eclipse/jdt/core/compiler/ecj/4.4/ecj-4.4.jar
7fa060387000-7fa06038c000 r--s 00039000 08:04 1706460                    /opt/android-studio/gradle/m2repository/com/android/tools/build/builder/1.2.2/builder-1.2.2.jar
7fa06038c000-7fa06038d000 r--s 00002000 08:04 1706528                    /opt/android-studio/gradle/m2repository/net/sf/proguard/proguard-gradle/5.1/proguard-gradle-5.1.jar
7fa06038d000-7fa06038f000 r--s 0001a000 08:04 1706275                    /opt/android-studio/gradle/m2repository/com/android/tools/lint/lint/24.2.2/lint-24.2.2.jar
7fa06038f000-7fa0603a2000 r--s 0015d000 08:04 1706498                    /opt/android-studio/gradle/m2repository/com/android/tools/build/gradle-core/1.2.2/gradle-core-1.2.2.jar
7fa0603a2000-7fa0603a4000 r--s 0000c000 08:04 1706488                    /opt/android-studio/gradle/m2repository/com/android/tools/build/gradle/1.2.2/gradle-1.2.2.jar
7fa0603a4000-7fa0603ae000 r--s 000ae000 08:04 4596989                    /usr/lib/jvm/java-7-openjdk-amd64/jre/lib/resources.jar
7fa0603ae000-7fa0603b1000 ---p 00000000 00:00 0 
7fa0603b1000-7fa0604af000 rw-p 00000000 00:00 0                          [stack:9965]
7fa0604af000-7fa0604b2000 ---p 00000000 00:00 0 
7fa0604b2000-7fa0604e8000 rw-p 00000000 00:00 0                          [stack:9946]
7fa0604e8000-7fa0604e9000 r--p 00000000 00:00 0 
7fa0604e9000-7fa060554000 r--s 0069e000 08:04 4720504                    /usr/lib/jvm/java-7-openjdk-amd64/lib/tools.jar
7fa060554000-7fa060557000 ---p 00000000 00:00 0 
7fa060557000-7fa060655000 rw-p 00000000 00:00 0                          [stack:9935]
7fa060655000-7fa060658000 ---p 00000000 00:00 0 
7fa060658000-7fa060756000 rw-p 00000000 00:00 0                          [stack:9932]
7fa060756000-7fa060759000 ---p 00000000 00:00 0 
7fa060759000-7fa060857000 rw-p 00000000 00:00 0                          [stack:9931]
7fa060857000-7fa06085a000 ---p 00000000 00:00 0 
7fa06085a000-7fa060958000 rw-p 00000000 00:00 0                          [stack:9930]
7fa060958000-7fa06095b000 ---p 00000000 00:00 0 
7fa06095b000-7fa060a59000 rw-p 00000000 00:00 0                          [stack:9929]
7fa060a59000-7fa060a5c000 ---p 00000000 00:00 0 
7fa060a5c000-7fa060b5a000 rw-p 00000000 00:00 0                          [stack:9928]
7fa060b5a000-7fa060b5e000 r-xp 00000000 08:04 4610024                    /tmp/native-platform3161519958348829863dir/libnative-platform.so
7fa060b5e000-7fa060d5d000 ---p 00004000 08:04 4610024                    /tmp/native-platform3161519958348829863dir/libnative-platform.so
7fa060d5d000-7fa060d5e000 rw-p 00003000 08:04 4610024                    /tmp/native-platform3161519958348829863dir/libnative-platform.so
7fa060d5e000-7fa060d63000 r--s 0004d000 08:04 4596941                    /usr/lib/jvm/java-7-openjdk-amd64/jre/lib/jsse.jar
7fa060d63000-7fa060d64000 r--s 00001000 08:04 2098976                    /opt/android-studio/gradle/gradle-2.2.1/wrapper/dists/gradle-2.2.1-all/c64ydeuardnfqctvr1gm30w53/gradle-2.2.1/lib/plugins/gradle-plugin-development-2.2.1.jar
7fa060d64000-7fa060d66000 r--s 00002000 08:04 2098975                    /opt/android-studio/gradle/gradle-2.2.1/wrapper/dists/gradle-2.2.1-all/c64ydeuardnfqctvr1gm30w53/gradle-2.2.1/lib/plugins/gradle-cunit-2.2.1.jar
7fa060d66000-7fa060d6b000 r--s 00036000 08:04 2098974                    /opt/android-studio/gradle/gradle-2.2.1/wrapper/dists/gradle-2.2.1-all/c64ydeuardnfqctvr1gm30w53/gradle-2.2.1/lib/plugins/gradle-ide-native-2.2.1.jar
7fa060d6b000-7fa060d70000 r--s 00013000 08:04 2098973                    /opt/android-studio/gradle/gradle-2.2.1/wrapper/dists/gradle-2.2.1-all/c64ydeuardnfqctvr1gm30w53/gradle-2.2.1/lib/plugins/gradle-language-native-2.2.1.jar
7fa060d70000-7fa060d7b000 r--s 0004d000 08:04 2098972                    /opt/android-studio/gradle/gradle-2.2.1/wrapper/dists/gradle-2.2.1-all/c64ydeuardnfqctvr1gm30w53/gradle-2.2.1/lib/plugins/gradle-platform-native-2.2.1.jar
7fa060d7b000-7fa060d7d000 r--s 00008000 08:04 2098971                    /opt/android-studio/gradle/gradle-2.2.1/wrapper/dists/gradle-2.2.1-all/c64ydeuardnfqctvr1gm30w53/gradle-2.2.1/lib/plugins/gradle-language-groovy-2.2.1.jar
7fa060d7d000-7fa060d82000 r--s 00022000 08:04 2098970                    /opt/android-studio/gradle/gradle-2.2.1/wrapper/dists/gradle-2.2.1-all/c64ydeuardnfqctvr1gm30w53/gradle-2.2.1/lib/plugins/gradle-language-java-2.2.1.jar
7fa060d82000-7fa060d85000 r--s 00007000 08:04 2098969                    /opt/android-studio/gradle/gradle-2.2.1/wrapper/dists/gradle-2.2.1-all/c64ydeuardnfqctvr1gm30w53/gradle-2.2.1/lib/plugins/gradle-language-jvm-2.2.1.jar
7fa060d85000-7fa060d88000 r--s 00009000 08:04 2098968                    /opt/android-studio/gradle/gradle-2.2.1/wrapper/dists/gradle-2.2.1-all/c64ydeuardnfqctvr1gm30w53/gradle-2.2.1/lib/plugins/gradle-platform-jvm-2.2.1.jar
7fa060d88000-7fa060d8d000 r--s 00018000 08:04 2098967                    /opt/android-studio/gradle/gradle-2.2.1/wrapper/dists/gradle-2.2.1-all/c64ydeuardnfqctvr1gm30w53/gradle-2.2.1/lib/plugins/gradle-platform-base-2.2.1.jar
7fa060d8d000-7fa060d92000 r--s 00026000 08:04 2098966                    /opt/android-studio/gradle/gradle-2.2.1/wrapper/dists/gradle-2.2.1-all/c64ydeuardnfqctvr1gm30w53/gradle-2.2.1/lib/plugins/gradle-build-init-2.2.1.jar
7fa060d92000-7fa060d95000 r--s 0001d000 08:04 2098965                    /opt/android-studio/gradle/gradle-2.2.1/wrapper/dists/gradle-2.2.1-all/c64ydeuardnfqctvr1gm30w53/gradle-2.2.1/lib/plugins/gradle-jacoco-2.2.1.jar
7fa060d95000-7fa060d98000 r--s 0000d000 08:04 2098964                    /opt/android-studio/gradle/gradle-2.2.1/wrapper/dists/gradle-2.2.1-all/c64ydeuardnfqctvr1gm30w53/gradle-2.2.1/lib/plugins/gradle-ivy-2.2.1.jar
7fa060d98000-7fa060d9a000 r--s 00002000 08:04 2098963                    /opt/android-studio/gradle/gradle-2.2.1/wrapper/dists/gradle-2.2.1-all/c64ydeuardnfqctvr1gm30w53/gradle-2.2.1/lib/plugins/gradle-publish-2.2.1.jar
7fa060d9a000-7fa060d9c000 r--s 00005000 08:04 2099001                    /opt/android-studio/gradle/gradle-2.2.1/wrapper/dists/gradle-2.2.1-all/c64ydeuardnfqctvr1gm30w53/gradle-2.2.1/lib/plugins/jatl-0.2.2.jar
7fa060d9c000-7fa060d9e000 r--s 0000f000 08:04 2098962                    /opt/android-studio/gradle/gradle-2.2.1/wrapper/dists/gradle-2.2.1-all/c64ydeuardnfqctvr1gm30w53/gradle-2.2.1/lib/plugins/gradle-reporting-2.2.1.jar
7fa060d9e000-7fa060da3000 r--s 00034000 08:04 2098961                    /opt/android-studio/gradle/gradle-2.2.1/wrapper/dists/gradle-2.2.1-all/c64ydeuardnfqctvr1gm30w53/gradle-2.2.1/lib/plugins/gradle-diagnostics-2.2.1.jar
7fa060da3000-7fa060daa000 r--s 00090000 08:04 2098960                    /opt/android-studio/gradle/gradle-2.2.1/wrapper/dists/gradle-2.2.1-all/c64ydeuardnfqctvr1gm30w53/gradle-2.2.1/lib/plugins/gradle-build-comparison-2.2.1.jar
7fa060daa000-7fa060db1000 r--s 00035000 08:04 2099000                    /opt/android-studio/gradle/gradle-2.2.1/wrapper/dists/gradle-2.2.1-all/c64ydeuardnfqctvr1gm30w53/gradle-2.2.1/lib/plugins/simple-4.1.21.jar
7fa060db1000-7fa060dbd000 r--s 00100000 08:04 2098998                    /opt/android-studio/gradle/gradle-2.2.1/wrapper/dists/gradle-2.2.1-all/c64ydeuardnfqctvr1gm30w53/gradle-2.2.1/lib/plugins/rhino-1.7R3.jar
7fa060dbd000-7fa060dc2000 r--s 0001f000 08:04 2098959                    /opt/android-studio/gradle/gradle-2.2.1/wrapper/dists/gradle-2.2.1-all/c64ydeuardnfqctvr1gm30w53/gradle-2.2.1/lib/plugins/gradle-javascript-2.2.1.jar
7fa060dc2000-7fa060dc4000 r--s 0000e000 08:04 2098958                    /opt/android-studio/gradle/gradle-2.2.1/wrapper/dists/gradle-2.2.1-all/c64ydeuardnfqctvr1gm30w53/gradle-2.2.1/lib/plugins/gradle-ear-2.2.1.jar
7fa060dc4000-7fa060dc8000 r--s 00025000 08:04 2098997                    /opt/android-studio/gradle/gradle-2.2.1/wrapper/dists/gradle-2.2.1-all/c64ydeuardnfqctvr1gm30w53/gradle-2.2.1/lib/plugins/bcpg-jdk15-1.46.jar
7fa060dc8000-7fa060dcb000 r--s 0001d000 08:04 2098957                    /opt/android-studio/gradle/gradle-2.2.1/wrapper/dists/gradle-2.2.1-all/c64ydeuardnfqctvr1gm30w53/gradle-2.2.1/lib/plugins/gradle-signing-2.2.1.jar
7fa060dcb000-7fa060dcc000 r--s 00002000 08:04 2098996                    /opt/android-studio/gradle/gradle-2.2.1/wrapper/dists/gradle-2.2.1-all/c64ydeuardnfqctvr1gm30w53/gradle-2.2.1/lib/plugins/sonar-batch-bootstrapper-2.9.jar
7fa060dcc000-7fa060dcf000 r--s 00018000 08:04 2098956                    /opt/android-studio/gradle/gradle-2.2.1/wrapper/dists/gradle-2.2.1-all/c64ydeuardnfqctvr1gm30w53/gradle-2.2.1/lib/plugins/gradle-sonar-2.2.1.jar
7fa060dcf000-7fa060dd2000 r--s 00017000 08:04 2098955                    /opt/android-studio/gradle/gradle-2.2.1/wrapper/dists/gradle-2.2.1-all/c64ydeuardnfqctvr1gm30w53/gradle-2.2.1/lib/plugins/gradle-scala-2.2.1.jar
7fa060dd2000-7fa060dd4000 r--s 0000e000 08:04 2098954                    /opt/android-studio/gradle/gradle-2.2.1/wrapper/dists/gradle-2.2.1-all/c64ydeuardnfqctvr1gm30w53/gradle-2.2.1/lib/plugins/gradle-announce-2.2.1.jar
7fa060dd4000-7fa060de2000 r--s 000bc000 08:04 2098953                    /opt/android-studio/gradle/gradle-2.2.1/wrapper/dists/gradle-2.2.1-all/c64ydeuardnfqctvr1gm30w53/gradle-2.2.1/lib/plugins/gradle-ide-2.2.1.jar
7fa060de2000-7fa060de4000 r--s 00000000 08:04 2098995                    /opt/android-studio/gradle/gradle-2.2.1/wrapper/dists/gradle-2.2.1-all/c64ydeuardnfqctvr1gm30w53/gradle-2.2.1/lib/plugins/plexus-component-annotations-1.5.2.jar
7fa060de4000-7fa060de7000 r--s 0000c000 08:04 2098994                    /opt/android-studio/gradle/gradle-2.2.1/wrapper/dists/gradle-2.2.1-all/c64ydeuardnfqctvr1gm30w53/gradle-2.2.1/lib/plugins/pmaven-groovy-0.8-20100325.jar
7fa060de7000-7fa060de8000 r--s 00004000 08:04 2098993                    /opt/android-studio/gradle/gradle-2.2.1/wrapper/dists/gradle-2.2.1-all/c64ydeuardnfqctvr1gm30w53/gradle-2.2.1/lib/plugins/pmaven-common-0.8-20100325.jar
7fa060de8000-7fa060dec000 r--s 0001e000 08:04 2098952                    /opt/android-studio/gradle/gradle-2.2.1/wrapper/dists/gradle-2.2.1-all/c64ydeuardnfqctvr1gm30w53/gradle-2.2.1/lib/plugins/gradle-maven-2.2.1.jar
7fa060dec000-7fa060e04000 r--s 0013b000 08:04 2098991                    /opt/android-studio/gradle/gradle-2.2.1/wrapper/dists/gradle-2.2.1-all/c64ydeuardnfqctvr1gm30w53/gradle-2.2.1/lib/plugins/bndlib-2.1.0.jar
7fa060e04000-7fa060e06000 r--s 00004000 08:04 2098951                    /opt/android-studio/gradle/gradle-2.2.1/wrapper/dists/gradle-2.2.1-all/c64ydeuardnfqctvr1gm30w53/gradle-2.2.1/lib/plugins/gradle-osgi-2.2.1.jar
7fa060e06000-7fa060e0b000 r--s 00068000 08:04 2098990                    /opt/android-studio/gradle/gradle-2.2.1/wrapper/dists/gradle-2.2.1-all/c64ydeuardnfqctvr1gm30w53/gradle-2.2.1/lib/plugins/antlr-2.7.7.jar
7fa060e0b000-7fa060e0c000 r--s 00002000 08:04 2098989                    /opt/android-studio/gradle/gradle-2.2.1/wrapper/dists/gradle-2.2.1-all/c64ydeuardnfqctvr1gm30w53/gradle-2.2.1/lib/plugins/ant-antlr-1.9.3.jar
7fa060e0c000-7fa060e0e000 r--s 00004000 08:04 2098950                    /opt/android-studio/gradle/gradle-2.2.1/wrapper/dists/gradle-2.2.1-all/c64ydeuardnfqctvr1gm30w53/gradle-2.2.1/lib/plugins/gradle-antlr-2.2.1.jar
7fa060e0e000-7fa060e11000 r--s 0001e000 08:04 2099012                    /opt/android-studio/gradle/gradle-2.2.1/wrapper/dists/gradle-2.2.1-all/c64ydeuardnfqctvr1gm30w53/gradle-2.2.1/lib/plugins/jsp-api-2.1-6.1.14.jar
7fa060e11000-7fa060e34000 r--s 00344000 08:04 2099011                    /opt/android-studio/gradle/gradle-2.2.1/wrapper/dists/gradle-2.2.1-all/c64ydeuardnfqctvr1gm30w53/gradle-2.2.1/lib/plugins/core-3.1.1.jar
7fa060e34000-7fa060e35000 r--s 00006000 08:04 2099010                    /opt/android-studio/gradle/gradle-2.2.1/wrapper/dists/gradle-2.2.1-all/c64ydeuardnfqctvr1gm30w53/gradle-2.2.1/lib/plugins/jetty-naming-6.1.25.jar
7fa060e35000-7fa060e36000 r--s 00002000 08:04 2098988                    /opt/android-studio/gradle/gradle-2.2.1/wrapper/dists/gradle-2.2.1-all/c64ydeuardnfqctvr1gm30w53/gradle-2.2.1/lib/plugins/geronimo-annotation_1.0_spec-1.0.jar
7fa060e36000-7fa060e38000 r--s 00002000 08:04 2098987                    /opt/android-studio/gradle/gradle-2.2.1/wrapper/dists/gradle-2.2.1-all/c64ydeuardnfqctvr1gm30w53/gradle-2.2.1/lib/plugins/jetty-annotations-6.1.25.jar
7fa060e38000-7fa060e49000 r--s 000ea000 08:04 2098986                    /opt/android-studio/gradle/gradle-2.2.1/wrapper/dists/gradle-2.2.1-all/c64ydeuardnfqctvr1gm30w53/gradle-2.2.1/lib/plugins/jsp-2.1-6.1.14.jar
7fa060e49000-7fa060e4b000 r--s 0000d000 08:04 2098985                    /opt/android-studio/gradle/gradle-2.2.1/wrapper/dists/gradle-2.2.1-all/c64ydeuardnfqctvr1gm30w53/gradle-2.2.1/lib/plugins/jetty-plus-6.1.25.jar
7fa060e4b000-7fa060e4d000 r--s 0001f000 08:04 2098984                    /opt/android-studio/gradle/gradle-2.2.1/wrapper/dists/gradle-2.2.1-all/c64ydeuardnfqctvr1gm30w53/gradle-2.2.1/lib/plugins/servlet-api-2.5-20081211.jar
7fa060e4d000-7fa060e51000 r--s 00028000 08:04 2098983                    /opt/android-studio/gradle/gradle-2.2.1/wrapper/dists/gradle-2.2.1-all/c64ydeuardnfqctvr1gm30w53/gradle-2.2.1/lib/plugins/jetty-util-6.1.25.jar
7fa060e51000-7fa060e58000 r--s 0007d000 08:04 2098982                    /opt/android-studio/gradle/gradle-2.2.1/wrapper/dists/gradle-2.2.1-all/c64ydeuardnfqctvr1gm30w53/gradle-2.2.1/lib/plugins/jetty-6.1.25.jar
7fa060e58000-7fa060e5a000 r--s 00009000 08:04 2098949                    /opt/android-studio/gradle/gradle-2.2.1/wrapper/dists/gradle-2.2.1-all/c64ydeuardnfqctvr1gm30w53/gradle-2.2.1/lib/plugins/gradle-jetty-2.2.1.jar
7fa060e5a000-7fa060e5f000 r--s 00041000 08:04 2098948                    /opt/android-studio/gradle/gradle-2.2.1/wrapper/dists/gradle-2.2.1-all/c64ydeuardnfqctvr1gm30w53/gradle-2.2.1/lib/plugins/gradle-code-quality-2.2.1.jar
7fa060e5f000-7fa060e61000 r--s 00009000 08:04 2099020                    /opt/android-studio/gradle/gradle-2.2.1/wrapper/dists/gradle-2.2.1-all/c64ydeuardnfqctvr1gm30w53/gradle-2.2.1/lib/plugins/hamcrest-core-1.3.jar
7fa060e61000-7fa060e67000 r--s 00033000 08:04 2099009                    /opt/android-studio/gradle/gradle-2.2.1/wrapper/dists/gradle-2.2.1-all/c64ydeuardnfqctvr1gm30w53/gradle-2.2.1/lib/plugins/snakeyaml-1.6.jar
7fa060e67000-7fa060e69000 r--s 00006000 08:04 2099008                    /opt/android-studio/gradle/gradle-2.2.1/wrapper/dists/gradle-2.2.1-all/c64ydeuardnfqctvr1gm30w53/gradle-2.2.1/lib/plugins/jcommander-1.12.jar
7fa060e69000-7fa060e6e000 r--s 00040000 08:04 2099007                    /opt/android-studio/gradle/gradle-2.2.1/wrapper/dists/gradle-2.2.1-all/c64ydeuardnfqctvr1gm30w53/gradle-2.2.1/lib/plugins/bsh-2.0b4.jar
7fa060e6e000-7fa060e70000 r--s 00009000 08:04 2098981                    /opt/android-studio/gradle/gradle-2.2.1/wrapper/dists/gradle-2.2.1-all/c64ydeuardnfqctvr1gm30w53/gradle-2.2.1/lib/plugins/commons-cli-1.2.jar
7fa060e70000-7fa060e79000 r--s 00089000 08:04 2098980                    /opt/android-studio/gradle/gradle-2.2.1/wrapper/dists/gradle-2.2.1-all/c64ydeuardnfqctvr1gm30w53/gradle-2.2.1/lib/plugins/testng-6.3.1.jar
7fa060e79000-7fa060e7f000 r--s 00036000 08:04 2098979                    /opt/android-studio/gradle/gradle-2.2.1/wrapper/dists/gradle-2.2.1-all/c64ydeuardnfqctvr1gm30w53/gradle-2.2.1/lib/plugins/junit-4.11.jar
7fa060e7f000-7fa060e8b000 r--s 00075000 08:04 2098947                    /opt/android-studio/gradle/gradle-2.2.1/wrapper/dists/gradle-2.2.1-all/c64ydeuardnfqctvr1gm30w53/gradle-2.2.1/lib/plugins/gradle-plugins-2.2.1.jar
7fa060e8b000-7fa060e8e000 r--s 00011000 08:04 2098977                    /opt/android-studio/gradle/gradle-2.2.1/wrapper/dists/gradle-2.2.1-all/c64ydeuardnfqctvr1gm30w53/gradle-2.2.1/lib/plugins/gradle-plugin-use-2.2.1.jar
7fa060e8e000-7fa060ea6000 r--s 00115000 08:04 2099018                    /opt/android-studio/gradle/gradle-2.2.1/wrapper/dists/gradle-2.2.1-all/c64ydeuardnfqctvr1gm30w53/gradle-2.2.1/lib/plugins/xercesImpl-2.9.1.jar
7fa060ea6000-7fa060eae000 r--s 00028000 08:04 2099019                    /opt/android-studio/gradle/gradle-2.2.1/wrapper/dists/gradle-2.2.1-all/c64ydeuardnfqctvr1gm30w53/gradle-2.2.1/lib/plugins/xml-apis-1.3.04.jar
7fa060eae000-7fa060eb4000 r--s 0005b000 08:04 2099017                    /opt/android-studio/gradle/gradle-2.2.1/wrapper/dists/gradle-2.2.1-all/c64ydeuardnfqctvr1gm30w53/gradle-2.2.1/lib/plugins/jcifs-1.3.17.jar
7fa060eb4000-7fa060eba000 r--s 00031000 08:04 2099016                    /opt/android-studio/gradle/gradle-2.2.1/wrapper/dists/gradle-2.2.1-all/c64ydeuardnfqctvr1gm30w53/gradle-2.2.1/lib/plugins/httpcore-4.2.2.jar
7fa060eba000-7fa060ec0000 r--s 00033000 08:04 2099015                    /opt/android-studio/gradle/gradle-2.2.1/wrapper/dists/gradle-2.2.1-all/c64ydeuardnfqctvr1gm30w53/gradle-2.2.1/lib/plugins/commons-codec-1.6.jar
7fa060ec0000-7fa060ec3000 r--s 0001c000 08:04 2099014                    /opt/android-studio/gradle/gradle-2.2.1/wrapper/dists/gradle-2.2.1-all/c64ydeuardnfqctvr1gm30w53/gradle-2.2.1/lib/plugins/nekohtml-1.9.14.jar
7fa060ec3000-7fa060ecc000 r--s 00060000 08:04 2099013                    /opt/android-studio/gradle/gradle-2.2.1/wrapper/dists/gradle-2.2.1-all/c64ydeuardnfqctvr1gm30w53/gradle-2.2.1/lib/plugins/httpclient-4.2.2.jar
7fa060ecc000-7fa060ece000 r--s 00007000 08:04 2099002                    /opt/android-studio/gradle/gradle-2.2.1/wrapper/dists/gradle-2.2.1-all/c64ydeuardnfqctvr1gm30w53/gradle-2.2.1/lib/plugins/gradle-resources-http-2.2.1.jar
7fa060ece000-7fa060ef6000 r--s 00194000 08:04 2099006                    /opt/android-studio/gradle/gradle-2.2.1/wrapper/dists/gradle-2.2.1-all/c64ydeuardnfqctvr1gm30w53/gradle-2.2.1/lib/plugins/bcprov-jdk15-1.46.jar
7fa060ef6000-7fa060efa000 r--s 0001d000 08:04 2099005                    /opt/android-studio/gradle/gradle-2.2.1/wrapper/dists/gradle-2.2.1-all/c64ydeuardnfqctvr1gm30w53/gradle-2.2.1/lib/plugins/xbean-reflect-3.4.jar
7fa060efa000-7fa060eff000 r--s 0002a000 08:04 2098999                    /opt/android-studio/gradle/gradle-2.2.1/wrapper/dists/gradle-2.2.1-all/c64ydeuardnfqctvr1gm30w53/gradle-2.2.1/lib/plugins/gson-2.2.4.jar
7fa060eff000-7fa060f03000 r--s 0003d000 08:04 2099004                    /opt/android-studio/gradle/gradle-2.2.1/wrapper/dists/gradle-2.2.1-all/c64ydeuardnfqctvr1gm30w53/gradle-2.2.1/lib/plugins/jsch-0.1.51.jar
7fa060f03000-7fa060f1c000 r--s 00129000 08:04 2098992                    /opt/android-studio/gradle/gradle-2.2.1/wrapper/dists/gradle-2.2.1-all/c64ydeuardnfqctvr1gm30w53/gradle-2.2.1/lib/plugins/maven-ant-tasks-2.1.3.jar
7fa060f1c000-7fa060f2b000 r--s 000d9000 08:04 2099003                    /opt/android-studio/gradle/gradle-2.2.1/wrapper/dists/gradle-2.2.1-all/c64ydeuardnfqctvr1gm30w53/gradle-2.2.1/lib/plugins/ivy-2.2.0.jar
7fa060f2b000-7fa060f2f000 r--s 0001e000 08:04 2098946                    /opt/android-studio/gradle/gradle-2.2.1/wrapper/dists/gradle-2.2.1-all/c64ydeuardnfqctvr1gm30w53/gradle-2.2.1/lib/plugins/jarjar-aether-impl-1.13.1.jar
7fa060f2f000-7fa060f32000 r--s 00027000 08:04 2098945                    /opt/android-studio/gradle/gradle-2.2.1/wrapper/dists/gradle-2.2.1-all/c64ydeuardnfqctvr1gm30w53/gradle-2.2.1/lib/plugins/jarjar-maven-model-3.0.4.jar
7fa060f32000-7fa060f35000 r--s 0000b000 08:04 2098944                    /opt/android-studio/gradle/gradle-2.2.1/wrapper/dists/gradle-2.2.1-all/c64ydeuardnfqctvr1gm30w53/gradle-2.2.1/lib/plugins/jarjar-maven-artifact-3.0.4.jar
7fa060f35000-7fa060f39000 r--s 0001e000 08:04 2098943                    /opt/android-studio/gradle/gradle-2.2.1/wrapper/dists/gradle-2.2.1-all/c64ydeuardnfqctvr1gm30w53/gradle-2.2.1/lib/plugins/jarjar-aether-util-1.13.1.jar
7fa060f39000-7fa060f3b000 r--s 00007000 08:04 2098942                    /opt/android-studio/gradle/gradle-2.2.1/wrapper/dists/gradle-2.2.1-all/c64ydeuardnfqctvr1gm30w53/gradle-2.2.1/lib/plugins/jarjar-wagon-http-shared4-2.4.jar
7fa060f3b000-7fa060f48000 r--s 00083000 08:04 2098941                    /opt/android-studio/gradle/gradle-2.2.1/wrapper/dists/gradle-2.2.1-all/c64ydeuardnfqctvr1gm30w53/gradle-2.2.1/lib/plugins/jarjar-maven-core-3.0.4.jar
7fa060f48000-7fa060f4a000 r--s 00003000 08:04 2098940                    /opt/android-studio/gradle/gradle-2.2.1/wrapper/dists/gradle-2.2.1-all/c64ydeuardnfqctvr1gm30w53/gradle-2.2.1/lib/plugins/jarjar-aether-spi-1.13.1.jar
7fa060f4a000-7fa060f4c000 r--s 00009000 08:04 2098939                    /opt/android-studio/gradle/gradle-2.2.1/wrapper/dists/gradle-2.2.1-all/c64ydeuardnfqctvr1gm30w53/gradle-2.2.1/lib/plugins/jarjar-maven-settings-builder-3.0.4.jar
7fa060f4c000-7fa060f50000 r--s 00014000 08:04 2098938                    /opt/android-studio/gradle/gradle-2.2.1/wrapper/dists/gradle-2.2.1-all/c64ydeuardnfqctvr1gm30w53/gradle-2.2.1/lib/plugins/jarjar-aether-api-1.13.1.jar
7fa060f50000-7fa060f51000 r--s 00002000 08:04 2098937                    /opt/android-studio/gradle/gradle-2.2.1/wrapper/dists/gradle-2.2.1-all/c64ydeuardnfqctvr1gm30w53/gradle-2.2.1/lib/plugins/jarjar-wagon-http-2.4.jar
7fa060f51000-7fa060f58000 r--s 00042000 08:04 2098936                    /opt/android-studio/gradle/gradle-2.2.1/wrapper/dists/gradle-2.2.1-all/c64ydeuardnfqctvr1gm30w53/gradle-2.2.1/lib/plugins/jarjar-maven-compat-3.0.4.jar
7fa060f58000-7fa060f5a000 r--s 00006000 08:04 2098935                    /opt/android-studio/gradle/gradle-2.2.1/wrapper/dists/gradle-2.2.1-all/c64ydeuardnfqctvr1gm30w53/gradle-2.2.1/lib/plugins/jarjar-aether-connector-wagon-1.13.1.jar
7fa060f5a000-7fa060f5c000 r--s 00000000 08:04 2098934                    /opt/android-studio/gradle/gradle-2.2.1/wrapper/dists/gradle-2.2.1-all/c64ydeuardnfqctvr1gm30w53/gradle-2.2.1/lib/plugins/jarjar-plexus-component-annotations-1.5.5.jar
7fa060f5c000-7fa060f5e000 r--s 00006000 08:04 2098933                    /opt/android-studio/gradle/gradle-2.2.1/wrapper/dists/gradle-2.2.1-all/c64ydeuardnfqctvr1gm30w53/gradle-2.2.1/lib/plugins/jarjar-plexus-sec-dispatcher-1.3.jar
7fa060f5e000-7fa060f63000 r--s 00022000 08:04 2098932                    /opt/android-studio/gradle/gradle-2.2.1/wrapper/dists/gradle-2.2.1-all/c64ydeuardnfqctvr1gm30w53/gradle-2.2.1/lib/plugins/jarjar-maven-model-builder-3.0.4.jar
7fa060f63000-7fa060f65000 r--s 0000b000 08:04 2098931                    /opt/android-studio/gradle/gradle-2.2.1/wrapper/dists/gradle-2.2.1-all/c64ydeuardnfqctvr1gm30w53/gradle-2.2.1/lib/plugins/jarjar-maven-plugin-api-3.0.4.jar
7fa060f65000-7fa060f68000 r--s 0000a000 08:04 2098930                    /opt/android-studio/gradle/gradle-2.2.1/wrapper/dists/gradle-2.2.1-all/c64ydeuardnfqctvr1gm30w53/gradle-2.2.1/lib/plugins/jarjar-plexus-classworlds-2.4.jar
7fa060f68000-7fa060f6c000 r--s 00035000 08:04 2098929                    /opt/android-studio/gradle/gradle-2.2.1/wrapper/dists/gradle-2.2.1-all/c64ydeuardnfqctvr1gm30w53/gradle-2.2.1/lib/plugins/jarjar-plexus-utils-2.0.6.jar
7fa060f6c000-7fa060f6e000 r--s 0000e000 08:04 2098928                    /opt/android-studio/gradle/gradle-2.2.1/wrapper/dists/gradle-2.2.1-all/c64ydeuardnfqctvr1gm30w53/gradle-2.2.1/lib/plugins/jarjar-plexus-interpolation-1.14.jar
7fa060f6e000-7fa060f70000 r--s 00002000 08:04 2098927                    /opt/android-studio/gradle/gradle-2.2.1/wrapper/dists/gradle-2.2.1-all/c64ydeuardnfqctvr1gm30w53/gradle-2.2.1/lib/plugins/jarjar-plexus-cipher-1.7.jar
7fa060f70000-7fa060f72000 r--s 0000c000 08:04 2098926                    /opt/android-studio/gradle/gradle-2.2.1/wrapper/dists/gradle-2.2.1-all/c64ydeuardnfqctvr1gm30w53/gradle-2.2.1/lib/plugins/jarjar-wagon-provider-api-2.4.jar
7fa060f72000-7fa060f7a000 r--s 00031000 08:04 2098924                    /opt/android-studio/gradle/gradle-2.2.1/wrapper/dists/gradle-2.2.1-all/c64ydeuardnfqctvr1gm30w53/gradle-2.2.1/lib/plugins/jarjar-plexus-container-default-1.5.5.jar
7fa060f7a000-7fa060f92000 r--s 000b5000 08:04 2098978                    /opt/android-studio/gradle/gradle-2.2.1/wrapper/dists/gradle-2.2.1-all/c64ydeuardnfqctvr1gm30w53/gradle-2.2.1/lib/plugins/gradle-dependency-management-2.2.1.jar
7fa060f92000-7fa060fa3000 r-xp 00000000 08:04 4596968                    /usr/lib/jvm/java-7-openjdk-amd64/jre/lib/amd64/libnio.so
7fa060fa3000-7fa0611a2000 ---p 00011000 08:04 4596968                    /usr/lib/jvm/java-7-openjdk-amd64/jre/lib/amd64/libnio.so
7fa0611a2000-7fa0611a3000 r--p 00010000 08:04 4596968                    /usr/lib/jvm/java-7-openjdk-amd64/jre/lib/amd64/libnio.so
7fa0611a3000-7fa0611a4000 rw-p 00011000 08:04 4596968                    /usr/lib/jvm/java-7-openjdk-amd64/jre/lib/amd64/libnio.so
7fa0611a4000-7fa0611ab000 r--s 00000000 08:04 4721524                    /usr/lib/x86_64-linux-gnu/gconv/gconv-modules.cache
7fa0611ab000-7fa0614ac000 rw-p 00000000 00:00 0 
7fa0614ac000-7fa061518000 r-xp 00000000 08:04 1577412                    /lib/x86_64-linux-gnu/libpcre.so.3.13.1
7fa061518000-7fa061717000 ---p 0006c000 08:04 1577412                    /lib/x86_64-linux-gnu/libpcre.so.3.13.1
7fa061717000-7fa061718000 r--p 0006b000 08:04 1577412                    /lib/x86_64-linux-gnu/libpcre.so.3.13.1
7fa061718000-7fa061719000 rw-p 0006c000 08:04 1577412                    /lib/x86_64-linux-gnu/libpcre.so.3.13.1
7fa061719000-7fa061720000 r-xp 00000000 08:04 4465540                    /usr/lib/x86_64-linux-gnu/libffi.so.6.0.4
7fa061720000-7fa06191f000 ---p 00007000 08:04 4465540                    /usr/lib/x86_64-linux-gnu/libffi.so.6.0.4
7fa06191f000-7fa061920000 r--p 00006000 08:04 4465540                    /usr/lib/x86_64-linux-gnu/libffi.so.6.0.4
7fa061920000-7fa061921000 rw-p 00007000 08:04 4465540                    /usr/lib/x86_64-linux-gnu/libffi.so.6.0.4
7fa061921000-7fa061938000 r-xp 00000000 08:04 1577435                    /lib/x86_64-linux-gnu/libresolv-2.21.so
7fa061938000-7fa061b38000 ---p 00017000 08:04 1577435                    /lib/x86_64-linux-gnu/libresolv-2.21.so
7fa061b38000-7fa061b3a000 r--p 00017000 08:04 1577435                    /lib/x86_64-linux-gnu/libresolv-2.21.so
7fa061b3a000-7fa061b3b000 rw-p 00019000 08:04 1577435                    /lib/x86_64-linux-gnu/libresolv-2.21.so
7fa061b3b000-7fa061b3d000 rw-p 00000000 00:00 0 
7fa061b3d000-7fa061b5e000 r-xp 00000000 08:04 1577439                    /lib/x86_64-linux-gnu/libselinux.so.1
7fa061b5e000-7fa061d5d000 ---p 00021000 08:04 1577439                    /lib/x86_64-linux-gnu/libselinux.so.1
7fa061d5d000-7fa061d5e000 r--p 00020000 08:04 1577439                    /lib/x86_64-linux-gnu/libselinux.so.1
7fa061d5e000-7fa061d5f000 rw-p 00021000 08:04 1577439                    /lib/x86_64-linux-gnu/libselinux.so.1
7fa061d5f000-7fa061d61000 rw-p 00000000 00:00 0 
7fa061d61000-7fa061d64000 r-xp 00000000 08:04 4456874                    /usr/lib/x86_64-linux-gnu/libgmodule-2.0.so.0.4400.1
7fa061d64000-7fa061f63000 ---p 00003000 08:04 4456874                    /usr/lib/x86_64-linux-gnu/libgmodule-2.0.so.0.4400.1
7fa061f63000-7fa061f64000 r--p 00002000 08:04 4456874                    /usr/lib/x86_64-linux-gnu/libgmodule-2.0.so.0.4400.1
7fa061f64000-7fa061f65000 rw-p 00003000 08:04 4456874                    /usr/lib/x86_64-linux-gnu/libgmodule-2.0.so.0.4400.1
7fa061f65000-7fa062072000 r-xp 00000000 08:04 1577176                    /lib/x86_64-linux-gnu/libglib-2.0.so.0.4400.1
7fa062072000-7fa062271000 ---p 0010d000 08:04 1577176                    /lib/x86_64-linux-gnu/libglib-2.0.so.0.4400.1
7fa062271000-7fa062272000 r--p 0010c000 08:04 1577176                    /lib/x86_64-linux-gnu/libglib-2.0.so.0.4400.1
7fa062272000-7fa062273000 rw-p 0010d000 08:04 1577176                    /lib/x86_64-linux-gnu/libglib-2.0.so.0.4400.1
7fa062273000-7fa062274000 rw-p 00000000 00:00 0 
7fa062274000-7fa0622c4000 r-xp 00000000 08:04 4456834                    /usr/lib/x86_64-linux-gnu/libgobject-2.0.so.0.4400.1
7fa0622c4000-7fa0624c4000 ---p 00050000 08:04 4456834                    /usr/lib/x86_64-linux-gnu/libgobject-2.0.so.0.4400.1
7fa0624c4000-7fa0624c5000 r--p 00050000 08:04 4456834                    /usr/lib/x86_64-linux-gnu/libgobject-2.0.so.0.4400.1
7fa0624c5000-7fa0624c6000 rw-p 00051000 08:04 4456834                    /usr/lib/x86_64-linux-gnu/libgobject-2.0.so.0.4400.1
7fa0624c6000-7fa06263e000 r-xp 00000000 08:04 4456856                    /usr/lib/x86_64-linux-gnu/libgio-2.0.so.0.4400.1
7fa06263e000-7fa06283e000 ---p 00178000 08:04 4456856                    /usr/lib/x86_64-linux-gnu/libgio-2.0.so.0.4400.1
7fa06283e000-7fa062842000 r--p 00178000 08:04 4456856                    /usr/lib/x86_64-linux-gnu/libgio-2.0.so.0.4400.1
7fa062842000-7fa062844000 rw-p 0017c000 08:04 4456856                    /usr/lib/x86_64-linux-gnu/libgio-2.0.so.0.4400.1
7fa062844000-7fa062846000 rw-p 00000000 00:00 0 
7fa062846000-7fa062848000 r--s 0000d000 08:04 2098925                    /opt/android-studio/gradle/gradle-2.2.1/wrapper/dists/gradle-2.2.1-all/c64ydeuardnfqctvr1gm30w53/gradle-2.2.1/lib/plugins/jarjar-maven-aether-provider-3.0.4.jar
7fa062848000-7fa062849000 r--s 00007000 08:04 2098923                    /opt/android-studio/gradle/gradle-2.2.1/wrapper/dists/gradle-2.2.1-all/c64ydeuardnfqctvr1gm30w53/gradle-2.2.1/lib/plugins/jarjar-maven-repository-metadata-3.0.4.jar
7fa062849000-7fa06284a000 r--s 0000b000 08:04 2098922                    /opt/android-studio/gradle/gradle-2.2.1/wrapper/dists/gradle-2.2.1-all/c64ydeuardnfqctvr1gm30w53/gradle-2.2.1/lib/plugins/jarjar-maven-settings-3.0.4.jar
7fa06284a000-7fa06285e000 r--p 00000000 08:04 5116689                    /usr/share/locale-langpack/zh_CN/LC_MESSAGES/libc.mo
7fa06285e000-7fa062875000 r-xp 00000000 08:04 4596980                    /usr/lib/jvm/java-7-openjdk-amd64/jre/lib/amd64/libnet.so
7fa062875000-7fa062a74000 ---p 00017000 08:04 4596980                    /usr/lib/jvm/java-7-openjdk-amd64/jre/lib/amd64/libnet.so
7fa062a74000-7fa062a75000 r--p 00016000 08:04 4596980                    /usr/lib/jvm/java-7-openjdk-amd64/jre/lib/amd64/libnet.so
7fa062a75000-7fa062a76000 rw-p 00017000 08:04 4596980                    /usr/lib/jvm/java-7-openjdk-amd64/jre/lib/amd64/libnet.so
7fa062a76000-7fa062a77000 r--s 00005000 08:04 1973133                    /opt/android-studio/gradle/gradle-2.2.1/wrapper/dists/gradle-2.2.1-all/c64ydeuardnfqctvr1gm30w53/gradle-2.2.1/lib/gradle-wrapper-2.2.1.jar
7fa062a77000-7fa062a80000 r--s 0002c000 08:04 1973138                    /opt/android-studio/gradle/gradle-2.2.1/wrapper/dists/gradle-2.2.1-all/c64ydeuardnfqctvr1gm30w53/gradle-2.2.1/lib/gradle-tooling-api-2.2.1.jar
7fa062a80000-7fa062a82000 r--s 00002000 08:04 1973162                    /opt/android-studio/gradle/gradle-2.2.1/wrapper/dists/gradle-2.2.1-all/c64ydeuardnfqctvr1gm30w53/gradle-2.2.1/lib/gradle-open-api-2.2.1.jar
7fa062a82000-7fa062a88000 r--s 00032000 08:04 1973164                    /opt/android-studio/gradle/gradle-2.2.1/wrapper/dists/gradle-2.2.1-all/c64ydeuardnfqctvr1gm30w53/gradle-2.2.1/lib/jaxen-1.1.jar
7fa062a88000-7fa062a8d000 r--s 00048000 08:04 1973163                    /opt/android-studio/gradle/gradle-2.2.1/wrapper/dists/gradle-2.2.1-all/c64ydeuardnfqctvr1gm30w53/gradle-2.2.1/lib/dom4j-1.6.1.jar
7fa062a8d000-7fa062a98000 r--s 00059000 08:04 1973137                    /opt/android-studio/gradle/gradle-2.2.1/wrapper/dists/gradle-2.2.1-all/c64ydeuardnfqctvr1gm30w53/gradle-2.2.1/lib/gradle-ui-2.2.1.jar
7fa062a98000-7fa062a9a000 r--s 00006000 08:04 1973158                    /opt/android-studio/gradle/gradle-2.2.1/wrapper/dists/gradle-2.2.1-all/c64ydeuardnfqctvr1gm30w53/gradle-2.2.1/lib/gradle-resources-2.2.1.jar
7fa062a9a000-7fa062a9c000 r--s 00007000 08:04 1973180                    /opt/android-studio/gradle/gradle-2.2.1/wrapper/dists/gradle-2.2.1-all/c64ydeuardnfqctvr1gm30w53/gradle-2.2.1/lib/objenesis-1.2.jar
7fa062a9c000-7fa062a9e000 r--s 00000000 08:04 1973179                    /opt/android-studio/gradle/gradle-2.2.1/wrapper/dists/gradle-2.2.1-all/c64ydeuardnfqctvr1gm30w53/gradle-2.2.1/lib/minlog-1.2.jar
7fa062a9e000-7fa062aa0000 r--s 0000f000 08:04 1973178                    /opt/android-studio/gradle/gradle-2.2.1/wrapper/dists/gradle-2.2.1-all/c64ydeuardnfqctvr1gm30w53/gradle-2.2.1/lib/reflectasm-1.07-shaded.jar
7fa062aa0000-7fa062aa4000 r--s 00026000 08:04 1973169                    /opt/android-studio/gradle/gradle-2.2.1/wrapper/dists/gradle-2.2.1-all/c64ydeuardnfqctvr1gm30w53/gradle-2.2.1/lib/kryo-2.20.jar
7fa062aa4000-7fa062aad000 r--s 00039000 08:04 1973157                    /opt/android-studio/gradle/gradle-2.2.1/wrapper/dists/gradle-2.2.1-all/c64ydeuardnfqctvr1gm30w53/gradle-2.2.1/lib/gradle-messaging-2.2.1.jar
7fa062aad000-7fa062aae000 r--s 00003000 08:04 1973177                    /opt/android-studio/gradle/gradle-2.2.1/wrapper/dists/gradle-2.2.1-all/c64ydeuardnfqctvr1gm30w53/gradle-2.2.1/lib/native-platform-freebsd-amd64-0.10.jar
7fa062aae000-7fa062aaf000 r--s 00003000 08:04 1973176                    /opt/android-studio/gradle/gradle-2.2.1/wrapper/dists/gradle-2.2.1-all/c64ydeuardnfqctvr1gm30w53/gradle-2.2.1/lib/native-platform-freebsd-i386-0.10.jar
7fa062aaf000-7fa062ab0000 r--s 00005000 08:04 1973175                    /opt/android-studio/gradle/gradle-2.2.1/wrapper/dists/gradle-2.2.1-all/c64ydeuardnfqctvr1gm30w53/gradle-2.2.1/lib/native-platform-windows-i386-0.10.jar
7fa062ab0000-7fa062ab1000 r--s 00005000 08:04 1973174                    /opt/android-studio/gradle/gradle-2.2.1/wrapper/dists/gradle-2.2.1-all/c64ydeuardnfqctvr1gm30w53/gradle-2.2.1/lib/native-platform-windows-amd64-0.10.jar
7fa062ab1000-7fa062ab2000 r--s 00003000 08:04 1973173                    /opt/android-studio/gradle/gradle-2.2.1/wrapper/dists/gradle-2.2.1-all/c64ydeuardnfqctvr1gm30w53/gradle-2.2.1/lib/native-platform-linux-i386-0.10.jar
7fa062ab2000-7fa062ab3000 r--s 00003000 08:04 1973172                    /opt/android-studio/gradle/gradle-2.2.1/wrapper/dists/gradle-2.2.1-all/c64ydeuardnfqctvr1gm30w53/gradle-2.2.1/lib/native-platform-linux-amd64-0.10.jar
7fa062ab3000-7fa062ab4000 r--s 00002000 08:04 1973171                    /opt/android-studio/gradle/gradle-2.2.1/wrapper/dists/gradle-2.2.1-all/c64ydeuardnfqctvr1gm30w53/gradle-2.2.1/lib/native-platform-osx-amd64-0.10.jar
7fa062ab4000-7fa062ab6000 r--s 00008000 08:04 1973167                    /opt/android-studio/gradle/gradle-2.2.1/wrapper/dists/gradle-2.2.1-all/c64ydeuardnfqctvr1gm30w53/gradle-2.2.1/lib/jansi-1.2.1.jar
7fa062ab6000-7fa062ab7000 ---p 00000000 00:00 0 
7fa062ab7000-7fa062bb7000 rw-p 00000000 00:00 0                          [stack:9918]
7fa062bb7000-7fa062bba000 ---p 00000000 00:00 0 
7fa062bba000-7fa062cb8000 rw-p 00000000 00:00 0                          [stack:9917]
7fa062cb8000-7fa062cbb000 ---p 00000000 00:00 0 
7fa062cbb000-7fa062db9000 rw-p 00000000 00:00 0                          [stack:9916]
7fa062db9000-7fa062dbe000 r-xp 00000000 08:04 4465232                    /usr/lib/x86_64-linux-gnu/libXdmcp.so.6.0.0
7fa062dbe000-7fa062fbd000 ---p 00005000 08:04 4465232                    /usr/lib/x86_64-linux-gnu/libXdmcp.so.6.0.0
7fa062fbd000-7fa062fbe000 r--p 00004000 08:04 4465232                    /usr/lib/x86_64-linux-gnu/libXdmcp.so.6.0.0
7fa062fbe000-7fa062fbf000 rw-p 00005000 08:04 4465232                    /usr/lib/x86_64-linux-gnu/libXdmcp.so.6.0.0
7fa062fbf000-7fa062fc1000 r-xp 00000000 08:04 4465221                    /usr/lib/x86_64-linux-gnu/libXau.so.6.0.0
7fa062fc1000-7fa0631c1000 ---p 00002000 08:04 4465221                    /usr/lib/x86_64-linux-gnu/libXau.so.6.0.0
7fa0631c1000-7fa0631c2000 r--p 00002000 08:04 4465221                    /usr/lib/x86_64-linux-gnu/libXau.so.6.0.0
7fa0631c2000-7fa0631c3000 rw-p 00003000 08:04 4465221                    /usr/lib/x86_64-linux-gnu/libXau.so.6.0.0
7fa0631c3000-7fa0631e0000 r-xp 00000000 08:04 4466419                    /usr/lib/x86_64-linux-gnu/libxcb.so.1.1.0
7fa0631e0000-7fa0633e0000 ---p 0001d000 08:04 4466419                    /usr/lib/x86_64-linux-gnu/libxcb.so.1.1.0
7fa0633e0000-7fa0633e1000 r--p 0001d000 08:04 4466419                    /usr/lib/x86_64-linux-gnu/libxcb.so.1.1.0
7fa0633e1000-7fa0633e2000 rw-p 0001e000 08:04 4466419                    /usr/lib/x86_64-linux-gnu/libxcb.so.1.1.0
7fa0633e2000-7fa063515000 r-xp 00000000 08:04 4465217                    /usr/lib/x86_64-linux-gnu/libX11.so.6.3.0
7fa063515000-7fa063715000 ---p 00133000 08:04 4465217                    /usr/lib/x86_64-linux-gnu/libX11.so.6.3.0
7fa063715000-7fa063716000 r--p 00133000 08:04 4465217                    /usr/lib/x86_64-linux-gnu/libX11.so.6.3.0
7fa063716000-7fa06371a000 rw-p 00134000 08:04 4465217                    /usr/lib/x86_64-linux-gnu/libX11.so.6.3.0
7fa06371a000-7fa06371b000 rw-p 00000000 00:00 0 
7fa06371b000-7fa06371d000 r-xp 00000000 08:04 4461985                    /usr/lib/jayatana/libjayatanaag.so
7fa06371d000-7fa06391c000 ---p 00002000 08:04 4461985                    /usr/lib/jayatana/libjayatanaag.so
7fa06391c000-7fa06391d000 r--p 00001000 08:04 4461985                    /usr/lib/jayatana/libjayatanaag.so
7fa06391d000-7fa06391e000 rw-p 00002000 08:04 4461985                    /usr/lib/jayatana/libjayatanaag.so
7fa06391e000-7fa064000000 r--p 00000000 08:04 4464191                    /usr/lib/locale/locale-archive
7fa064000000-7fa064021000 rw-p 00000000 00:00 0 
7fa064021000-7fa068000000 ---p 00000000 00:00 0 
7fa068000000-7fa068021000 rw-p 00000000 00:00 0 
7fa068021000-7fa06c000000 ---p 00000000 00:00 0 
7fa06c000000-7fa06c021000 rw-p 00000000 00:00 0 
7fa06c021000-7fa070000000 ---p 00000000 00:00 0 
7fa070000000-7fa070021000 rw-p 00000000 00:00 0 
7fa070021000-7fa074000000 ---p 00000000 00:00 0 
7fa074000000-7fa074021000 rw-p 00000000 00:00 0 
7fa074021000-7fa078000000 ---p 00000000 00:00 0 
7fa078000000-7fa078001000 r--s 00002000 08:04 1973170                    /opt/android-studio/gradle/gradle-2.2.1/wrapper/dists/gradle-2.2.1-all/c64ydeuardnfqctvr1gm30w53/gradle-2.2.1/lib/native-platform-osx-i386-0.10.jar
7fa078001000-7fa078004000 r--s 0000d000 08:04 1973166                    /opt/android-studio/gradle/gradle-2.2.1/wrapper/dists/gradle-2.2.1-all/c64ydeuardnfqctvr1gm30w53/gradle-2.2.1/lib/native-platform-0.10.jar
7fa078004000-7fa078008000 r--s 000e4000 08:04 1973165                    /opt/android-studio/gradle/gradle-2.2.1/wrapper/dists/gradle-2.2.1-all/c64ydeuardnfqctvr1gm30w53/gradle-2.2.1/lib/jna-3.2.7.jar
7fa078008000-7fa07800a000 r--s 00008000 08:04 1973139                    /opt/android-studio/gradle/gradle-2.2.1/wrapper/dists/gradle-2.2.1-all/c64ydeuardnfqctvr1gm30w53/gradle-2.2.1/lib/gradle-native-2.2.1.jar
7fa07800a000-7fa07800c000 r--s 00005000 08:04 1973136                    /opt/android-studio/gradle/gradle-2.2.1/wrapper/dists/gradle-2.2.1-all/c64ydeuardnfqctvr1gm30w53/gradle-2.2.1/lib/gradle-cli-2.2.1.jar
7fa07800c000-7fa07800e000 r--s 00003000 08:04 1973156                    /opt/android-studio/gradle/gradle-2.2.1/wrapper/dists/gradle-2.2.1-all/c64ydeuardnfqctvr1gm30w53/gradle-2.2.1/lib/gradle-base-services-groovy-2.2.1.jar
7fa07800e000-7fa078010000 r--s 0000a000 08:04 1973144                    /opt/android-studio/gradle/gradle-2.2.1/wrapper/dists/gradle-2.2.1-all/c64ydeuardnfqctvr1gm30w53/gradle-2.2.1/lib/gradle-model-groovy-2.2.1.jar
7fa078010000-7fa078014000 r--s 0001b000 08:04 1973143                    /opt/android-studio/gradle/gradle-2.2.1/wrapper/dists/gradle-2.2.1-all/c64ydeuardnfqctvr1gm30w53/gradle-2.2.1/lib/gradle-model-core-2.2.1.jar
7fa078014000-7fa078015000 r--s 00000000 08:04 1973159                    /opt/android-studio/gradle/gradle-2.2.1/wrapper/dists/gradle-2.2.1-all/c64ydeuardnfqctvr1gm30w53/gradle-2.2.1/lib/gradle-docs-2.2.1.jar
7fa078015000-7fa078017000 r--s 00003000 08:04 1973161                    /opt/android-studio/gradle/gradle-2.2.1/wrapper/dists/gradle-2.2.1-all/c64ydeuardnfqctvr1gm30w53/gradle-2.2.1/lib/jcl-over-slf4j-1.7.7.jar
7fa078017000-7fa078018000 r--s 00005000 08:04 1973160                    /opt/android-studio/gradle/gradle-2.2.1/wrapper/dists/gradle-2.2.1-all/c64ydeuardnfqctvr1gm30w53/gradle-2.2.1/lib/log4j-over-slf4j-1.7.7.jar
7fa078018000-7fa078019000 r--s 00000000 08:04 1973155                    /opt/android-studio/gradle/gradle-2.2.1/wrapper/dists/gradle-2.2.1-all/c64ydeuardnfqctvr1gm30w53/gradle-2.2.1/lib/javax.inject-1.jar
7fa078019000-7fa07801c000 r--s 0001b000 08:04 1973154                    /opt/android-studio/gradle/gradle-2.2.1/wrapper/dists/gradle-2.2.1-all/c64ydeuardnfqctvr1gm30w53/gradle-2.2.1/lib/jarjar-1.3.jar
7fa07801c000-7fa07801e000 r--s 00000000 08:04 1973153                    /opt/android-studio/gradle/gradle-2.2.1/wrapper/dists/gradle-2.2.1-all/c64ydeuardnfqctvr1gm30w53/gradle-2.2.1/lib/jul-to-slf4j-1.7.7.jar
7fa07801e000-7fa07801f000 r--s 00000000 08:04 1973152                    /opt/android-studio/gradle/gradle-2.2.1/wrapper/dists/gradle-2.2.1-all/c64ydeuardnfqctvr1gm30w53/gradle-2.2.1/lib/jcip-annotations-1.0.jar
7fa07801f000-7fa078025000 r--s 0003b000 08:04 1973151                    /opt/android-studio/gradle/gradle-2.2.1/wrapper/dists/gradle-2.2.1-all/c64ydeuardnfqctvr1gm30w53/gradle-2.2.1/lib/logback-classic-1.0.13.jar
7fa078025000-7fa07802f000 r--s 0005d000 08:04 1973150                    /opt/android-studio/gradle/gradle-2.2.1/wrapper/dists/gradle-2.2.1-all/c64ydeuardnfqctvr1gm30w53/gradle-2.2.1/lib/logback-core-1.0.13.jar
7fa07802f000-7fa078034000 r--s 00041000 08:04 1973149                    /opt/android-studio/gradle/gradle-2.2.1/wrapper/dists/gradle-2.2.1-all/c64ydeuardnfqctvr1gm30w53/gradle-2.2.1/lib/commons-lang-2.6.jar
7fa078034000-7fa078037000 r--s 00018000 08:04 1973148                    /opt/android-studio/gradle/gradle-2.2.1/wrapper/dists/gradle-2.2.1-all/c64ydeuardnfqctvr1gm30w53/gradle-2.2.1/lib/commons-io-1.4.jar
7fa078037000-7fa0780a2000 r--s 00685000 08:04 1973142                    /opt/android-studio/gradle/gradle-2.2.1/wrapper/dists/gradle-2.2.1-all/c64ydeuardnfqctvr1gm30w53/gradle-2.2.1/lib/groovy-all-2.3.6.jar
7fa0780a2000-7fa0780ca000 r--s 001cf000 08:04 1973141                    /opt/android-studio/gradle/gradle-2.2.1/wrapper/dists/gradle-2.2.1-all/c64ydeuardnfqctvr1gm30w53/gradle-2.2.1/lib/guava-jdk5-17.0.jar
7fa0780ca000-7fa0780e9000 r--s 001cc000 08:04 1973146                    /opt/android-studio/gradle/gradle-2.2.1/wrapper/dists/gradle-2.2.1-all/c64ydeuardnfqctvr1gm30w53/gradle-2.2.1/lib/ant-1.9.3.jar
7fa0780e9000-7fa0780ec000 ---p 00000000 00:00 0 
7fa0780ec000-7fa0781ea000 rw-p 00000000 00:00 0                          [stack:9915]
7fa0781ea000-7fa0781ed000 ---p 00000000 00:00 0 
7fa0781ed000-7fa0782eb000 rw-p 00000000 00:00 0                          [stack:9914]
7fa0782eb000-7fa0782ee000 ---p 00000000 00:00 0 
7fa0782ee000-7fa0783ec000 rw-p 00000000 00:00 0                          [stack:9913]
7fa0783ec000-7fa0783ef000 ---p 00000000 00:00 0 
7fa0783ef000-7fa0784ed000 rw-p 00000000 00:00 0                          [stack:9912]
7fa0784ed000-7fa0784ee000 ---p 00000000 00:00 0 
7fa0784ee000-7fa07c000000 rw-p 00000000 00:00 0                          [stack:9911]
7fa07c000000-7fa07c021000 rw-p 00000000 00:00 0 
7fa07c021000-7fa080000000 ---p 00000000 00:00 0 
7fa080000000-7fa08000e000 r--s 0007f000 08:04 1973147                    /opt/android-studio/gradle/gradle-2.2.1/wrapper/dists/gradle-2.2.1-all/c64ydeuardnfqctvr1gm30w53/gradle-2.2.1/lib/commons-collections-3.2.1.jar
7fa08000e000-7fa080013000 r--s 00036000 08:04 1973145                    /opt/android-studio/gradle/gradle-2.2.1/wrapper/dists/gradle-2.2.1-all/c64ydeuardnfqctvr1gm30w53/gradle-2.2.1/lib/asm-all-5.0.3.jar
7fa080013000-7fa080015000 r--s 00006000 08:04 1973140                    /opt/android-studio/gradle/gradle-2.2.1/wrapper/dists/gradle-2.2.1-all/c64ydeuardnfqctvr1gm30w53/gradle-2.2.1/lib/slf4j-api-1.7.7.jar
7fa080015000-7fa080046000 r--s 00191000 08:04 1973135                    /opt/android-studio/gradle/gradle-2.2.1/wrapper/dists/gradle-2.2.1-all/c64ydeuardnfqctvr1gm30w53/gradle-2.2.1/lib/gradle-core-2.2.1.jar
7fa080046000-7fa08004e000 r--s 0003c000 08:04 1973132                    /opt/android-studio/gradle/gradle-2.2.1/wrapper/dists/gradle-2.2.1-all/c64ydeuardnfqctvr1gm30w53/gradle-2.2.1/lib/gradle-launcher-2.2.1.jar
7fa08004e000-7fa080957000 rw-p 00000000 00:00 0 
7fa080957000-7fa080b08000 r--s 01d27000 08:04 4596923                    /usr/lib/jvm/java-7-openjdk-amd64/jre/lib/rt.jar
7fa080b08000-7fa080dfe000 rw-p 00000000 00:00 0 
7fa080dfe000-7fa080dff000 ---p 00000000 00:00 0 
7fa080dff000-7fa080eff000 rw-p 00000000 00:00 0                          [stack:9910]
7fa080eff000-7fa080f00000 ---p 00000000 00:00 0 
7fa080f00000-7fa081000000 rw-p 00000000 00:00 0                          [stack:9909]
7fa081000000-7fa081470000 rwxp 00000000 00:00 0 
7fa081470000-7fa084b5b000 rw-p 00000000 00:00 0 
7fa084b5b000-7fa088000000 ---p 00000000 00:00 0 
7fa088000000-7fa088001000 r--s 00004000 08:04 1973168                    /opt/android-studio/gradle/gradle-2.2.1/wrapper/dists/gradle-2.2.1-all/c64ydeuardnfqctvr1gm30w53/gradle-2.2.1/lib/ant-launcher-1.9.3.jar
7fa088001000-7fa088007000 r--s 00026000 08:04 1973134                    /opt/android-studio/gradle/gradle-2.2.1/wrapper/dists/gradle-2.2.1-all/c64ydeuardnfqctvr1gm30w53/gradle-2.2.1/lib/gradle-base-services-2.2.1.jar
7fa088007000-7fa0880ab000 rw-p 00000000 00:00 0 
7fa0880ab000-7fa0880ac000 ---p 00000000 00:00 0 
7fa0880ac000-7fa0881ac000 rw-p 00000000 00:00 0                          [stack:9908]
7fa0881ac000-7fa0881ad000 ---p 00000000 00:00 0 
7fa0881ad000-7fa0882ad000 rw-p 00000000 00:00 0                          [stack:9907]
7fa0882ad000-7fa0882ae000 ---p 00000000 00:00 0 
7fa0882ae000-7fa0883ae000 rw-p 00000000 00:00 0                          [stack:9906]
7fa0883ae000-7fa0883af000 ---p 00000000 00:00 0 
7fa0883af000-7fa0884af000 rw-p 00000000 00:00 0                          [stack:9905]
7fa0884af000-7fa0884b0000 ---p 00000000 00:00 0 
7fa0884b0000-7fa0885b0000 rw-p 00000000 00:00 0                          [stack:9904]
7fa0885b0000-7fa0885b1000 ---p 00000000 00:00 0 
7fa0885b1000-7fa0886c7000 rw-p 00000000 00:00 0                          [stack:9903]
7fa0886c7000-7fa088731000 rw-p 00000000 00:00 0 
7fa088731000-7fa088745000 rw-p 00000000 00:00 0 
7fa088745000-7fa088887000 rw-p 00000000 00:00 0 
7fa088887000-7fa08889d000 rw-p 00000000 00:00 0 
7fa08889d000-7fa088907000 rw-p 00000000 00:00 0 
7fa088907000-7fa08891b000 rw-p 00000000 00:00 0 
7fa08891b000-7fa088a5c000 rw-p 00000000 00:00 0 
7fa088a5c000-7fa088aa7000 rw-p 00000000 00:00 0 
7fa088aa7000-7fa088b07000 rw-p 00000000 00:00 0 
7fa088b07000-7fa088b08000 rw-p 00000000 00:00 0 
7fa088b08000-7fa088b10000 r-xp 00000000 08:04 4596967                    /usr/lib/jvm/java-7-openjdk-amd64/jre/lib/amd64/libzip.so
7fa088b10000-7fa088d0f000 ---p 00008000 08:04 4596967                    /usr/lib/jvm/java-7-openjdk-amd64/jre/lib/amd64/libzip.so
7fa088d0f000-7fa088d10000 r--p 00007000 08:04 4596967                    /usr/lib/jvm/java-7-openjdk-amd64/jre/lib/amd64/libzip.so
7fa088d10000-7fa088d11000 rw-p 00008000 08:04 4596967                    /usr/lib/jvm/java-7-openjdk-amd64/jre/lib/amd64/libzip.so
7fa088d11000-7fa088d1d000 r-xp 00000000 08:04 1577382                    /lib/x86_64-linux-gnu/libnss_files-2.21.so
7fa088d1d000-7fa088f1c000 ---p 0000c000 08:04 1577382                    /lib/x86_64-linux-gnu/libnss_files-2.21.so
7fa088f1c000-7fa088f1d000 r--p 0000b000 08:04 1577382                    /lib/x86_64-linux-gnu/libnss_files-2.21.so
7fa088f1d000-7fa088f1e000 rw-p 0000c000 08:04 1577382                    /lib/x86_64-linux-gnu/libnss_files-2.21.so
7fa088f1e000-7fa088f29000 r-xp 00000000 08:04 1577392                    /lib/x86_64-linux-gnu/libnss_nis-2.21.so
7fa088f29000-7fa089128000 ---p 0000b000 08:04 1577392                    /lib/x86_64-linux-gnu/libnss_nis-2.21.so
7fa089128000-7fa089129000 r--p 0000a000 08:04 1577392                    /lib/x86_64-linux-gnu/libnss_nis-2.21.so
7fa089129000-7fa08912a000 rw-p 0000b000 08:04 1577392                    /lib/x86_64-linux-gnu/libnss_nis-2.21.so
7fa08912a000-7fa089141000 r-xp 00000000 08:04 1577376                    /lib/x86_64-linux-gnu/libnsl-2.21.so
7fa089141000-7fa089340000 ---p 00017000 08:04 1577376                    /lib/x86_64-linux-gnu/libnsl-2.21.so
7fa089340000-7fa089341000 r--p 00016000 08:04 1577376                    /lib/x86_64-linux-gnu/libnsl-2.21.so
7fa089341000-7fa089342000 rw-p 00017000 08:04 1577376                    /lib/x86_64-linux-gnu/libnsl-2.21.so
7fa089342000-7fa089344000 rw-p 00000000 00:00 0 
7fa089344000-7fa08934c000 r-xp 00000000 08:04 1577378                    /lib/x86_64-linux-gnu/libnss_compat-2.21.so
7fa08934c000-7fa08954b000 ---p 00008000 08:04 1577378                    /lib/x86_64-linux-gnu/libnss_compat-2.21.so
7fa08954b000-7fa08954c000 r--p 00007000 08:04 1577378                    /lib/x86_64-linux-gnu/libnss_compat-2.21.so
7fa08954c000-7fa08954d000 rw-p 00008000 08:04 1577378                    /lib/x86_64-linux-gnu/libnss_compat-2.21.so
7fa08954d000-7fa089557000 r-xp 00000000 08:04 4596950                    /usr/lib/jvm/java-7-openjdk-amd64/jre/lib/amd64/libinstrument.so
7fa089557000-7fa089756000 ---p 0000a000 08:04 4596950                    /usr/lib/jvm/java-7-openjdk-amd64/jre/lib/amd64/libinstrument.so
7fa089756000-7fa089757000 r--p 00009000 08:04 4596950                    /usr/lib/jvm/java-7-openjdk-amd64/jre/lib/amd64/libinstrument.so
7fa089757000-7fa089758000 rw-p 0000a000 08:04 4596950                    /usr/lib/jvm/java-7-openjdk-amd64/jre/lib/amd64/libinstrument.so
7fa089758000-7fa089785000 r-xp 00000000 08:04 4596978                    /usr/lib/jvm/java-7-openjdk-amd64/jre/lib/amd64/libjava.so
7fa089785000-7fa089984000 ---p 0002d000 08:04 4596978                    /usr/lib/jvm/java-7-openjdk-amd64/jre/lib/amd64/libjava.so
7fa089984000-7fa089985000 r--p 0002c000 08:04 4596978                    /usr/lib/jvm/java-7-openjdk-amd64/jre/lib/amd64/libjava.so
7fa089985000-7fa089987000 rw-p 0002d000 08:04 4596978                    /usr/lib/jvm/java-7-openjdk-amd64/jre/lib/amd64/libjava.so
7fa089987000-7fa089996000 r-xp 00000000 08:04 4596970                    /usr/lib/jvm/java-7-openjdk-amd64/jre/lib/amd64/libverify.so
7fa089996000-7fa089b95000 ---p 0000f000 08:04 4596970                    /usr/lib/jvm/java-7-openjdk-amd64/jre/lib/amd64/libverify.so
7fa089b95000-7fa089b98000 r--p 0000e000 08:04 4596970                    /usr/lib/jvm/java-7-openjdk-amd64/jre/lib/amd64/libverify.so
7fa089b98000-7fa089b99000 rw-p 00011000 08:04 4596970                    /usr/lib/jvm/java-7-openjdk-amd64/jre/lib/amd64/libverify.so
7fa089b99000-7fa089ba0000 r-xp 00000000 08:04 1577437                    /lib/x86_64-linux-gnu/librt-2.21.so
7fa089ba0000-7fa089d9f000 ---p 00007000 08:04 1577437                    /lib/x86_64-linux-gnu/librt-2.21.so
7fa089d9f000-7fa089da0000 r--p 00006000 08:04 1577437                    /lib/x86_64-linux-gnu/librt-2.21.so
7fa089da0000-7fa089da1000 rw-p 00007000 08:04 1577437                    /lib/x86_64-linux-gnu/librt-2.21.so
7fa089da1000-7fa089db7000 r-xp 00000000 08:04 1577325                    /lib/x86_64-linux-gnu/libgcc_s.so.1
7fa089db7000-7fa089fb6000 ---p 00016000 08:04 1577325                    /lib/x86_64-linux-gnu/libgcc_s.so.1
7fa089fb6000-7fa089fb7000 rw-p 00015000 08:04 1577325                    /lib/x86_64-linux-gnu/libgcc_s.so.1
7fa089fb7000-7fa08a0be000 r-xp 00000000 08:04 1577355                    /lib/x86_64-linux-gnu/libm-2.21.so
7fa08a0be000-7fa08a2bd000 ---p 00107000 08:04 1577355                    /lib/x86_64-linux-gnu/libm-2.21.so
7fa08a2bd000-7fa08a2be000 r--p 00106000 08:04 1577355                    /lib/x86_64-linux-gnu/libm-2.21.so
7fa08a2be000-7fa08a2bf000 rw-p 00107000 08:04 1577355                    /lib/x86_64-linux-gnu/libm-2.21.so
7fa08a2bf000-7fa08a3af000 r-xp 00000000 08:04 4466213                    /usr/lib/x86_64-linux-gnu/libstdc++.so.6.0.20
7fa08a3af000-7fa08a5af000 ---p 000f0000 08:04 4466213                    /usr/lib/x86_64-linux-gnu/libstdc++.so.6.0.20
7fa08a5af000-7fa08a5b7000 r--p 000f0000 08:04 4466213                    /usr/lib/x86_64-linux-gnu/libstdc++.so.6.0.20
7fa08a5b7000-7fa08a5b9000 rw-p 000f8000 08:04 4466213                    /usr/lib/x86_64-linux-gnu/libstdc++.so.6.0.20
7fa08a5b9000-7fa08a5ce000 rw-p 00000000 00:00 0 
7fa08a5ce000-7fa08b125000 r-xp 00000000 08:04 4596955                    /usr/lib/jvm/java-7-openjdk-amd64/jre/lib/amd64/server/libjvm.so
7fa08b125000-7fa08b324000 ---p 00b57000 08:04 4596955                    /usr/lib/jvm/java-7-openjdk-amd64/jre/lib/amd64/server/libjvm.so
7fa08b324000-7fa08b3c3000 r--p 00b56000 08:04 4596955                    /usr/lib/jvm/java-7-openjdk-amd64/jre/lib/amd64/server/libjvm.so
7fa08b3c3000-7fa08b3e6000 rw-p 00bf5000 08:04 4596955                    /usr/lib/jvm/java-7-openjdk-amd64/jre/lib/amd64/server/libjvm.so
7fa08b3e6000-7fa08b413000 rw-p 00000000 00:00 0 
7fa08b413000-7fa08b42c000 r-xp 00000000 08:04 1577470                    /lib/x86_64-linux-gnu/libz.so.1.2.8
7fa08b42c000-7fa08b62c000 ---p 00019000 08:04 1577470                    /lib/x86_64-linux-gnu/libz.so.1.2.8
7fa08b62c000-7fa08b62d000 r--p 00019000 08:04 1577470                    /lib/x86_64-linux-gnu/libz.so.1.2.8
7fa08b62d000-7fa08b62e000 rw-p 0001a000 08:04 1577470                    /lib/x86_64-linux-gnu/libz.so.1.2.8
7fa08b62e000-7fa08b646000 r-xp 00000000 08:04 1577429                    /lib/x86_64-linux-gnu/libpthread-2.21.so
7fa08b646000-7fa08b846000 ---p 00018000 08:04 1577429                    /lib/x86_64-linux-gnu/libpthread-2.21.so
7fa08b846000-7fa08b847000 r--p 00018000 08:04 1577429                    /lib/x86_64-linux-gnu/libpthread-2.21.so
7fa08b847000-7fa08b848000 rw-p 00019000 08:04 1577429                    /lib/x86_64-linux-gnu/libpthread-2.21.so
7fa08b848000-7fa08b84c000 rw-p 00000000 00:00 0 
7fa08b84c000-7fa08b84f000 r-xp 00000000 08:04 1577313                    /lib/x86_64-linux-gnu/libdl-2.21.so
7fa08b84f000-7fa08ba4e000 ---p 00003000 08:04 1577313                    /lib/x86_64-linux-gnu/libdl-2.21.so
7fa08ba4e000-7fa08ba4f000 r--p 00002000 08:04 1577313                    /lib/x86_64-linux-gnu/libdl-2.21.so
7fa08ba4f000-7fa08ba50000 rw-p 00003000 08:04 1577313                    /lib/x86_64-linux-gnu/libdl-2.21.so
7fa08ba50000-7fa08bc10000 r-xp 00000000 08:04 1577296                    /lib/x86_64-linux-gnu/libc-2.21.so
7fa08bc10000-7fa08be10000 ---p 001c0000 08:04 1577296                    /lib/x86_64-linux-gnu/libc-2.21.so
7fa08be10000-7fa08be14000 r--p 001c0000 08:04 1577296                    /lib/x86_64-linux-gnu/libc-2.21.so
7fa08be14000-7fa08be16000 rw-p 001c4000 08:04 1577296                    /lib/x86_64-linux-gnu/libc-2.21.so
7fa08be16000-7fa08be1a000 rw-p 00000000 00:00 0 
7fa08be1a000-7fa08be27000 r-xp 00000000 08:04 4596975                    /usr/lib/jvm/java-7-openjdk-amd64/jre/lib/amd64/jli/libjli.so
7fa08be27000-7fa08c026000 ---p 0000d000 08:04 4596975                    /usr/lib/jvm/java-7-openjdk-amd64/jre/lib/amd64/jli/libjli.so
7fa08c026000-7fa08c027000 r--p 0000c000 08:04 4596975                    /usr/lib/jvm/java-7-openjdk-amd64/jre/lib/amd64/jli/libjli.so
7fa08c027000-7fa08c028000 rw-p 0000d000 08:04 4596975                    /usr/lib/jvm/java-7-openjdk-amd64/jre/lib/amd64/jli/libjli.so
7fa08c028000-7fa08c04c000 r-xp 00000000 08:04 1577268                    /lib/x86_64-linux-gnu/ld-2.21.so
7fa08c04c000-7fa08c04d000 r--s 00000000 08:04 4855127                    /usr/share/java/jayatanaag.jar
7fa08c04d000-7fa08c04e000 r--s 00002000 08:04 4720459                    /usr/lib/jvm/java-7-openjdk-amd64/jre/lib/ext/dnsns.jar
7fa08c04e000-7fa08c052000 r--s 00034000 08:04 4720457                    /usr/lib/jvm/java-7-openjdk-amd64/jre/lib/ext/sunjce_provider.jar
7fa08c052000-7fa08c07d000 rw-p 00000000 00:00 0 
7fa08c07d000-7fa08c12b000 rw-p 00000000 00:00 0 
7fa08c12b000-7fa08c12e000 ---p 00000000 00:00 0 
7fa08c12e000-7fa08c231000 rw-p 00000000 00:00 0                          [stack:9902]
7fa08c231000-7fa08c234000 r--s 0000f000 08:04 4720455                    /usr/lib/jvm/java-7-openjdk-amd64/jre/lib/ext/icedtea-sound.jar
7fa08c234000-7fa08c237000 r--s 00086000 08:04 4720460                    /usr/lib/jvm/java-7-openjdk-amd64/jre/lib/ext/localedata.jar
7fa08c237000-7fa08c23b000 r--s 0003c000 08:04 4720458                    /usr/lib/jvm/java-7-openjdk-amd64/jre/lib/ext/sunpkcs11.jar
7fa08c23b000-7fa08c23d000 r--s 00006000 08:04 4851514                    /usr/share/java/java-atk-wrapper.jar
7fa08c23d000-7fa08c23f000 r--s 00012000 08:04 4720456                    /usr/lib/jvm/java-7-openjdk-amd64/jre/lib/ext/zipfs.jar
7fa08c23f000-7fa08c247000 rw-s 00000000 08:04 4198981                    /tmp/hsperfdata_keylor/9900
7fa08c247000-7fa08c248000 rw-p 00000000 00:00 0 
7fa08c248000-7fa08c249000 ---p 00000000 00:00 0 
7fa08c249000-7fa08c24b000 rw-p 00000000 00:00 0 
7fa08c24b000-7fa08c24c000 r--p 00023000 08:04 1577268                    /lib/x86_64-linux-gnu/ld-2.21.so
7fa08c24c000-7fa08c24d000 rw-p 00024000 08:04 1577268                    /lib/x86_64-linux-gnu/ld-2.21.so
7fa08c24d000-7fa08c24e000 rw-p 00000000 00:00 0 
7ffcb4c79000-7ffcb4c9a000 rw-p 00000000 00:00 0                          [stack]
7ffcb4dbe000-7ffcb4dc0000 r--p 00000000 00:00 0                          [vvar]
7ffcb4dc0000-7ffcb4dc2000 r-xp 00000000 00:00 0                          [vdso]
ffffffffff600000-ffffffffff601000 r-xp 00000000 00:00 0                  [vsyscall]

VM Arguments:
jvm_args: -javaagent:/usr/share/java/jayatanaag.jar -XX:MaxPermSize=256m -XX:+HeapDumpOnOutOfMemoryError -Xmx1024m -Dfile.encoding=UTF-8 -Duser.country=CN -Duser.language=zh -Duser.variant 
java_command: org.gradle.launcher.daemon.bootstrap.GradleDaemon 2.2.1 /opt/android-studio/gradle/gradle-2.2.1/daemon 10800000 5122c701-54d7-4544-9b96-8f16adaa42ae -XX:MaxPermSize=256m -XX:+HeapDumpOnOutOfMemoryError -Xmx1024m -Dfile.encoding=UTF-8 -Duser.country=CN -Duser.language=zh -Duser.variant
Launcher Type: SUN_STANDARD

Environment Variables:
JAVA_TOOL_OPTIONS=-javaagent:/usr/share/java/jayatanaag.jar 
PATH=/usr/local/sbin:/usr/local/bin:/usr/sbin:/usr/bin:/sbin:/bin:/usr/games:/usr/local/games
LD_LIBRARY_PATH=/opt/android-studio/bin:
SHELL=/bin/bash
DISPLAY=:0

Signal Handlers:
SIGSEGV: [libjvm.so+0x98abe0], sa_mask[0]=0x7ffbfeff, sa_flags=0x10000004
SIGBUS: [libjvm.so+0x98abe0], sa_mask[0]=0x7ffbfeff, sa_flags=0x10000004
SIGFPE: [libjvm.so+0x7f8a60], sa_mask[0]=0x7ffbfeff, sa_flags=0x10000004
SIGPIPE: [libjvm.so+0x7f8a60], sa_mask[0]=0x7ffbfeff, sa_flags=0x10000004
SIGXFSZ: [libjvm.so+0x7f8a60], sa_mask[0]=0x7ffbfeff, sa_flags=0x10000004
SIGILL: [libjvm.so+0x7f8a60], sa_mask[0]=0x7ffbfeff, sa_flags=0x10000004
SIGUSR1: SIG_DFL, sa_mask[0]=0x00000000, sa_flags=0x00000000
SIGUSR2: [libjvm.so+0x7f88e0], sa_mask[0]=0x00000004, sa_flags=0x10000004
SIGHUP: [libjvm.so+0x7f8ae0], sa_mask[0]=0x7ffbfeff, sa_flags=0x10000004
SIGINT: [libjvm.so+0x7f8ae0], sa_mask[0]=0x7ffbfeff, sa_flags=0x10000004
SIGTERM: [libjvm.so+0x7f8ae0], sa_mask[0]=0x7ffbfeff, sa_flags=0x10000004
SIGQUIT: [libjvm.so+0x7f8ae0], sa_mask[0]=0x7ffbfeff, sa_flags=0x10000004
SIGTRAP: SIG_DFL, sa_mask[0]=0x00000000, sa_flags=0x00000000


---------------  S Y S T E M  ---------------

OS:Ubuntu 15.04 (vivid)
uname:Linux 3.19.0-22-generic #22-Ubuntu SMP Tue Jun 16 17:15:15 UTC 2015 x86_64
libc:glibc 2.21 NPTL 2.21 
rlimit: STACK 8192k, CORE 0k, NPROC 15241, NOFILE 65536, AS infinity
load average:0.94 0.52 0.45

/proc/meminfo:
MemTotal:        3965252 kB
MemFree:          111300 kB
MemAvailable:      61176 kB
Buffers:            1840 kB
Cached:           599732 kB
SwapCached:            0 kB
Active:          3150632 kB
Inactive:         532104 kB
Active(anon):    3136204 kB
Inactive(anon):   513568 kB
Active(file):      14428 kB
Inactive(file):    18536 kB
Unevictable:          48 kB
Mlocked:              48 kB
SwapTotal:             0 kB
SwapFree:              0 kB
Dirty:              1708 kB
Writeback:             0 kB
AnonPages:       3081800 kB
Mapped:           317032 kB
Shmem:            568096 kB
Slab:              75448 kB
SReclaimable:      35708 kB
SUnreclaim:        39740 kB
KernelStack:        9712 kB
PageTables:        37120 kB
NFS_Unstable:          0 kB
Bounce:                0 kB
WritebackTmp:          0 kB
CommitLimit:     1982624 kB
Committed_AS:    7255552 kB
VmallocTotal:   34359738367 kB
VmallocUsed:      377028 kB
VmallocChunk:   34359348148 kB
HardwareCorrupted:     0 kB
AnonHugePages:   1441792 kB
CmaTotal:              0 kB
CmaFree:               0 kB
HugePages_Total:       0
HugePages_Free:        0
HugePages_Rsvd:        0
HugePages_Surp:        0
Hugepagesize:       2048 kB
DirectMap4k:      160312 kB
DirectMap2M:     3952640 kB
DirectMap1G:           0 kB


CPU:total 8 (4 cores per cpu, 2 threads per core) family 6 model 60 stepping 3, cmov, cx8, fxsr, mmx, sse, sse2, sse3, ssse3, sse4.1, sse4.2, popcnt, avx, avx2, aes, erms, ht, tsc, tscinvbit

/proc/cpuinfo:
processor	: 0
vendor_id	: GenuineIntel
cpu family	: 6
model		: 60
model name	: Intel(R) Core(TM) i7-4710MQ CPU @ 2.50GHz
stepping	: 3
microcode	: 0x17
cpu MHz		: 2500.000
cache size	: 6144 KB
physical id	: 0
siblings	: 8
core id		: 0
cpu cores	: 4
apicid		: 0
initial apicid	: 0
fpu		: yes
fpu_exception	: yes
cpuid level	: 13
wp		: yes
flags		: fpu vme de pse tsc msr pae mce cx8 apic sep mtrr pge mca cmov pat pse36 clflush dts acpi mmx fxsr sse sse2 ss ht tm pbe syscall nx pdpe1gb rdtscp lm constant_tsc arch_perfmon pebs bts rep_good nopl xtopology nonstop_tsc aperfmperf eagerfpu pni pclmulqdq dtes64 monitor ds_cpl vmx est tm2 ssse3 fma cx16 xtpr pdcm pcid sse4_1 sse4_2 movbe popcnt tsc_deadline_timer aes xsave avx f16c rdrand lahf_lm abm ida arat epb pln pts dtherm tpr_shadow vnmi flexpriority ept vpid fsgsbase tsc_adjust bmi1 avx2 smep bmi2 erms invpcid xsaveopt
bugs		:
bogomips	: 4988.30
clflush size	: 64
cache_alignment	: 64
address sizes	: 39 bits physical, 48 bits virtual
power management:

processor	: 1
vendor_id	: GenuineIntel
cpu family	: 6
model		: 60
model name	: Intel(R) Core(TM) i7-4710MQ CPU @ 2.50GHz
stepping	: 3
microcode	: 0x17
cpu MHz		: 2466.894
cache size	: 6144 KB
physical id	: 0
siblings	: 8
core id		: 1
cpu cores	: 4
apicid		: 2
initial apicid	: 2
fpu		: yes
fpu_exception	: yes
cpuid level	: 13
wp		: yes
flags		: fpu vme de pse tsc msr pae mce cx8 apic sep mtrr pge mca cmov pat pse36 clflush dts acpi mmx fxsr sse sse2 ss ht tm pbe syscall nx pdpe1gb rdtscp lm constant_tsc arch_perfmon pebs bts rep_good nopl xtopology nonstop_tsc aperfmperf eagerfpu pni pclmulqdq dtes64 monitor ds_cpl vmx est tm2 ssse3 fma cx16 xtpr pdcm pcid sse4_1 sse4_2 movbe popcnt tsc_deadline_timer aes xsave avx f16c rdrand lahf_lm abm ida arat epb pln pts dtherm tpr_shadow vnmi flexpriority ept vpid fsgsbase tsc_adjust bmi1 avx2 smep bmi2 erms invpcid xsaveopt
bugs		:
bogomips	: 4988.30
clflush size	: 64
cache_alignment	: 64
address sizes	: 39 bits physical, 48 bits virtual
power management:

processor	: 2
vendor_id	: GenuineIntel
cpu family	: 6
model		: 60
model name	: Intel(R) Core(TM) i7-4710MQ CPU @ 2.50GHz
stepping	: 3
microcode	: 0x17
cpu MHz		: 2436.035
cache size	: 6144 KB
physical id	: 0
siblings	: 8
core id		: 2
cpu cores	: 4
apicid		: 4
initial apicid	: 4
fpu		: yes
fpu_exception	: yes
cpuid level	: 13
wp		: yes
flags		: fpu vme de pse tsc msr pae mce cx8 apic sep mtrr pge mca cmov pat pse36 clflush dts acpi mmx fxsr sse sse2 ss ht tm pbe syscall nx pdpe1gb rdtscp lm constant_tsc arch_perfmon pebs bts rep_good nopl xtopology nonstop_tsc aperfmperf eagerfpu pni pclmulqdq dtes64 monitor ds_cpl vmx est tm2 ssse3 fma cx16 xtpr pdcm pcid sse4_1 sse4_2 movbe popcnt tsc_deadline_timer aes xsave avx f16c rdrand lahf_lm abm ida arat epb pln pts dtherm tpr_shadow vnmi flexpriority ept vpid fsgsbase tsc_adjust bmi1 avx2 smep bmi2 erms invpcid xsaveopt
bugs		:
bogomips	: 4988.30
clflush size	: 64
cache_alignment	: 64
address sizes	: 39 bits physical, 48 bits virtual
power management:

processor	: 3
vendor_id	: GenuineIntel
cpu family	: 6
model		: 60
model name	: Intel(R) Core(TM) i7-4710MQ CPU @ 2.50GHz
stepping	: 3
microcode	: 0x17
cpu MHz		: 2500.000
cache size	: 6144 KB
physical id	: 0
siblings	: 8
core id		: 3
cpu cores	: 4
apicid		: 6
initial apicid	: 6
fpu		: yes
fpu_exception	: yes
cpuid level	: 13
wp		: yes
flags		: fpu vme de pse tsc msr pae mce cx8 apic sep mtrr pge mca cmov pat pse36 clflush dts acpi mmx fxsr sse sse2 ss ht tm pbe syscall nx pdpe1gb rdtscp lm constant_tsc arch_perfmon pebs bts rep_good nopl xtopology nonstop_tsc aperfmperf eagerfpu pni pclmulqdq dtes64 monitor ds_cpl vmx est tm2 ssse3 fma cx16 xtpr pdcm pcid sse4_1 sse4_2 movbe popcnt tsc_deadline_timer aes xsave avx f16c rdrand lahf_lm abm ida arat epb pln pts dtherm tpr_shadow vnmi flexpriority ept vpid fsgsbase tsc_adjust bmi1 avx2 smep bmi2 erms invpcid xsaveopt
bugs		:
bogomips	: 4988.30
clflush size	: 64
cache_alignment	: 64
address sizes	: 39 bits physical, 48 bits virtual
power management:

processor	: 4
vendor_id	: GenuineIntel
cpu family	: 6
model		: 60
model name	: Intel(R) Core(TM) i7-4710MQ CPU @ 2.50GHz
stepping	: 3
microcode	: 0x17
cpu MHz		: 2482.519
cache size	: 6144 KB
physical id	: 0
siblings	: 8
core id		: 0
cpu cores	: 4
apicid		: 1
initial apicid	: 1
fpu		: yes
fpu_exception	: yes
cpuid level	: 13
wp		: yes
flags		: fpu vme de pse tsc msr pae mce cx8 apic sep mtrr pge mca cmov pat pse36 clflush dts acpi mmx fxsr sse sse2 ss ht tm pbe syscall nx pdpe1gb rdtscp lm constant_tsc arch_perfmon pebs bts rep_good nopl xtopology nonstop_tsc aperfmperf eagerfpu pni pclmulqdq dtes64 monitor ds_cpl vmx est tm2 ssse3 fma cx16 xtpr pdcm pcid sse4_1 sse4_2 movbe popcnt tsc_deadline_timer aes xsave avx f16c rdrand lahf_lm abm ida arat epb pln pts dtherm tpr_shadow vnmi flexpriority ept vpid fsgsbase tsc_adjust bmi1 avx2 smep bmi2 erms invpcid xsaveopt
bugs		:
bogomips	: 4988.30
clflush size	: 64
cache_alignment	: 64
address sizes	: 39 bits physical, 48 bits virtual
power management:

processor	: 5
vendor_id	: GenuineIntel
cpu family	: 6
model		: 60
model name	: Intel(R) Core(TM) i7-4710MQ CPU @ 2.50GHz
stepping	: 3
microcode	: 0x17
cpu MHz		: 2471.289
cache size	: 6144 KB
physical id	: 0
siblings	: 8
core id		: 1
cpu cores	: 4
apicid		: 3
initial apicid	: 3
fpu		: yes
fpu_exception	: yes
cpuid level	: 13
wp		: yes
flags		: fpu vme de pse tsc msr pae mce cx8 apic sep mtrr pge mca cmov pat pse36 clflush dts acpi mmx fxsr sse sse2 ss ht tm pbe syscall nx pdpe1gb rdtscp lm constant_tsc arch_perfmon pebs bts rep_good nopl xtopology nonstop_tsc aperfmperf eagerfpu pni pclmulqdq dtes64 monitor ds_cpl vmx est tm2 ssse3 fma cx16 xtpr pdcm pcid sse4_1 sse4_2 movbe popcnt tsc_deadline_timer aes xsave avx f16c rdrand lahf_lm abm ida arat epb pln pts dtherm tpr_shadow vnmi flexpriority ept vpid fsgsbase tsc_adjust bmi1 avx2 smep bmi2 erms invpcid xsaveopt
bugs		:
bogomips	: 4988.30
clflush size	: 64
cache_alignment	: 64
address sizes	: 39 bits physical, 48 bits virtual
power management:

processor	: 6
vendor_id	: GenuineIntel
cpu family	: 6
model		: 60
model name	: Intel(R) Core(TM) i7-4710MQ CPU @ 2.50GHz
stepping	: 3
microcode	: 0x17
cpu MHz		: 2500.292
cache size	: 6144 KB
physical id	: 0
siblings	: 8
core id		: 2
cpu cores	: 4
apicid		: 5
initial apicid	: 5
fpu		: yes
fpu_exception	: yes
cpuid level	: 13
wp		: yes
flags		: fpu vme de pse tsc msr pae mce cx8 apic sep mtrr pge mca cmov pat pse36 clflush dts acpi mmx fxsr sse sse2 ss ht tm pbe syscall nx pdpe1gb rdtscp lm constant_tsc arch_perfmon pebs bts rep_good nopl xtopology nonstop_tsc aperfmperf eagerfpu pni pclmulqdq dtes64 monitor ds_cpl vmx est tm2 ssse3 fma cx16 xtpr pdcm pcid sse4_1 sse4_2 movbe popcnt tsc_deadline_timer aes xsave avx f16c rdrand lahf_lm abm ida arat epb pln pts dtherm tpr_shadow vnmi flexpriority ept vpid fsgsbase tsc_adjust bmi1 avx2 smep bmi2 erms invpcid xsaveopt
bugs		:
bogomips	: 4988.30
clflush size	: 64
cache_alignment	: 64
address sizes	: 39 bits physical, 48 bits virtual
power management:

processor	: 7
vendor_id	: GenuineIntel
cpu family	: 6
model		: 60
model name	: Intel(R) Core(TM) i7-4710MQ CPU @ 2.50GHz
stepping	: 3
microcode	: 0x17
cpu MHz		: 2516.210
cache size	: 6144 KB
physical id	: 0
siblings	: 8
core id		: 3
cpu cores	: 4
apicid		: 7
initial apicid	: 7
fpu		: yes
fpu_exception	: yes
cpuid level	: 13
wp		: yes
flags		: fpu vme de pse tsc msr pae mce cx8 apic sep mtrr pge mca cmov pat pse36 clflush dts acpi mmx fxsr sse sse2 ss ht tm pbe syscall nx pdpe1gb rdtscp lm constant_tsc arch_perfmon pebs bts rep_good nopl xtopology nonstop_tsc aperfmperf eagerfpu pni pclmulqdq dtes64 monitor ds_cpl vmx est tm2 ssse3 fma cx16 xtpr pdcm pcid sse4_1 sse4_2 movbe popcnt tsc_deadline_timer aes xsave avx f16c rdrand lahf_lm abm ida arat epb pln pts dtherm tpr_shadow vnmi flexpriority ept vpid fsgsbase tsc_adjust bmi1 avx2 smep bmi2 erms invpcid xsaveopt
bugs		:
bogomips	: 4988.30
clflush size	: 64
cache_alignment	: 64
address sizes	: 39 bits physical, 48 bits virtual
power management:



Memory: 4k page, physical 3965252k(111300k free), swap 0k(0k free)

vm_info: OpenJDK 64-Bit Server VM (24.79-b02) for linux-amd64 JRE (1.7.0_79-b14), built on Apr 15 2015 21:06:31 by "buildd" with gcc 4.9.2

time: Wed Jul 15 23:35:14 2015
elapsed time: 22 seconds

